<?xml version="1.0" encoding="UTF-8"?>
<testsuites name="RSVP Alert" time="224.206" tests="3" failures="1" errors="0">
   <testsuite name="RSVP Alert" tests="3" failures="1" errors="0" time="224.206" skipped="0" timestamp="2024-01-29 15:42:00" hostname="Home - 169.254.43.143" id="Test Suites/RSVP Alert">
      <properties>
         <property name="deviceName" value=""/>
         <property name="devicePlatform" value=""/>
         <property name="logFolder" value="C:\\Users\\Home\\git\\Katalon\\Reports\\20240129_154158\\RSVP Alert\\20240129_154158"/>
         <property name="logFiles" value="C:\\Users\\Home\\git\\Katalon\\Reports\\20240129_154158\\RSVP Alert\\20240129_154158\\execution0.log"/>
         <property name="attachments" value="C:\\Users\\Home\\git\\Katalon\\Reports\\20240129_154158\\RSVP Alert\\20240129_154158\\1706532207962.png, C:\\Users\\Home\\git\\Katalon\\Reports\\20240129_154158\\RSVP Alert\\20240129_154158\\1706532253384.png, C:\\Users\\Home\\git\\Katalon\\Reports\\20240129_154158\\RSVP Alert\\20240129_154158\\1706532298659.png, C:\\Users\\Home\\git\\Katalon\\Reports\\20240129_154158\\RSVP Alert\\20240129_154158\\1706532342818.png"/>
         <property name="hostName" value="Home - 169.254.43.143"/>
         <property name="os" value="Windows 11 64bit"/>
         <property name="katalonVersion" value="9.0.0.212"/>
         <property name="browser" value="Chrome 120.0.0.0"/>
         <property name="hostAddress" value="169.254.43.143"/>
         <property name="sessionId" value="e30b3a2399d3273729f84e7bc47fe668"/>
         <property name="seleniumVersion" value="3.141.59"/>
         <property name="proxyInformation" value="ProxyInformation { proxyOption=NO_PROXY, proxyServerType=HTTP, username=, password=********, proxyServerAddress=, proxyServerPort=0, executionList=&quot;&quot;, isApplyToDesiredCapabilities=true }"/>
         <property name="platform" value="Windows 11"/>
      </properties>
      <testcase name="Test Cases/RSVP/Send RSVP (TC-12)" time="28.264" classname="Test Cases/RSVP/Send RSVP (TC-12)" status="PASSED">
         <system-out><![CDATA[2024-01-29 15:42:00 - [TEST_CASE][PASSED] - Test Cases/RSVP/Send RSVP (TC-12): Test Cases/RSVP/Send RSVP (TC-12)

2024-01-29 15:42:01 - [TEST_STEP][PASSED] - callTestCase(findTestCase("Login Test Cases/Login with Valid Credentials"), [:], STOP_ON_FAILURE): Call Test Case 'Test Cases/Login Test Cases/Login with Valid Credentials' successfully

2024-01-29 15:42:01 - [TEST_CASE][PASSED] - Test Cases/Login Test Cases/Login with Valid Credentials: Test Cases/Login Test Cases/Login with Valid Credentials

2024-01-29 15:42:01 - [TEST_STEP][PASSED] - openBrowser(""): Browser is opened with url: ''

2024-01-29 15:42:01 - [MESSAGE][INFO] - Starting 'Chrome' driver

2024-01-29 15:42:01 - [MESSAGE][INFO] - Action delay is set to 0 milliseconds

2024-01-29 15:42:02 - [MESSAGE][PASSED] - Browser is opened with url: ''

2024-01-29 15:42:02 - [TEST_STEP][PASSED] - navigateToUrl("https://dadebug.commclouds.com/Demo/admin/auth"): Navigate to 'https://dadebug.commclouds.com/Demo/admin/auth' successfully

2024-01-29 15:42:03 - [MESSAGE][PASSED] - Navigate to 'https://dadebug.commclouds.com/Demo/admin/auth' successfully

2024-01-29 15:42:03 - [TEST_STEP][PASSED] - waitForPageLoad(3): Wait for page load successfully

2024-01-29 15:42:03 - [MESSAGE][PASSED] - Wait for page load successfully

2024-01-29 15:42:03 - [TEST_STEP][PASSED] - maximizeWindow(): Current window maximized

2024-01-29 15:42:04 - [MESSAGE][PASSED] - Current window maximized

2024-01-29 15:42:04 - [TEST_STEP][PASSED] - verifyElementPresent(findTestObject("Login Page/DAlogo"), 2): Object 'Object Repository/Login Page/DAlogo' is present

2024-01-29 15:42:04 - [MESSAGE][PASSED] - Object 'Object Repository/Login Page/DAlogo' is present

2024-01-29 15:42:04 - [TEST_STEP][PASSED] - verifyElementPresent(findTestObject("Login Page/Version number"), 2): Object 'Object Repository/Login Page/Version number' is present

2024-01-29 15:42:05 - [MESSAGE][PASSED] - Object 'Object Repository/Login Page/Version number' is present

2024-01-29 15:42:05 - [TEST_STEP][PASSED] - verifyElementText(findTestObject("Login Page/Version number"), "Version: 11.3.0.6"): Actual text and expected text of test object 'Object Repository/Login Page/Version number' are matched.

2024-01-29 15:42:05 - [MESSAGE][PASSED] - Actual text and expected text of test object 'Object Repository/Login Page/Version number' are matched.

2024-01-29 15:42:05 - [TEST_STEP][PASSED] - setText(findTestObject("Object Repository/Login Page/Login input field"), "Zoya"): Text 'Zoya' is set on object 'Object Repository/Login Page/Login input field'

2024-01-29 15:42:06 - [MESSAGE][PASSED] - Text 'Zoya' is set on object 'Object Repository/Login Page/Login input field'

2024-01-29 15:42:06 - [TEST_STEP][PASSED] - setEncryptedText(findTestObject("Object Repository/Login Page/Password input field"), "tzH6RvlfSTg="): Text ****** has been set on object 'Object Repository/Login Page/Password input field'

2024-01-29 15:42:06 - [MESSAGE][PASSED] - Text ****** has been set on object 'Object Repository/Login Page/Password input field'

2024-01-29 15:42:06 - [TEST_STEP][PASSED] - click(findTestObject("Object Repository/Login Page/button_Log in")): Object: 'Object Repository/Login Page/button_Log in' is clicked on

2024-01-29 15:42:06 - [MESSAGE][PASSED] - Object: 'Object Repository/Login Page/button_Log in' is clicked on

2024-01-29 15:42:06 - [TEST_STEP][PASSED] - delay(4): Delayed 4 second(s)

2024-01-29 15:42:10 - [MESSAGE][PASSED] - Delayed 4 second(s)

2024-01-29 15:42:10 - [TEST_STEP][PASSED] - verifyElementPresent(findTestObject("Object Repository/Login Page/h1_Dashboard"), 4): Object 'Object Repository/Login Page/h1_Dashboard' is present

2024-01-29 15:42:10 - [MESSAGE][PASSED] - Object 'Object Repository/Login Page/h1_Dashboard' is present

2024-01-29 15:42:10 - [MESSAGE][PASSED] - Call Test Case 'Test Cases/Login Test Cases/Login with Valid Credentials' successfully

2024-01-29 15:42:10 - [TEST_STEP][PASSED] - click(findTestObject("Dashboard Page/Compose alert button expansion")): Object: 'Object Repository/Dashboard Page/Compose alert button expansion' is clicked on

2024-01-29 15:42:11 - [MESSAGE][PASSED] - Object: 'Object Repository/Dashboard Page/Compose alert button expansion' is clicked on

2024-01-29 15:42:11 - [TEST_STEP][PASSED] - click(findTestObject("Dashboard Page/RSVP")): Object: 'Object Repository/Dashboard Page/RSVP' is clicked on

2024-01-29 15:42:11 - [MESSAGE][PASSED] - Object: 'Object Repository/Dashboard Page/RSVP' is clicked on

2024-01-29 15:42:11 - [TEST_STEP][PASSED] - verifyElementText(findTestObject("Create RSVP/Create RSVP Alert Header"), "Create RSVP Alert"): Actual text and expected text of test object 'Object Repository/Create RSVP/Create RSVP Alert Header' are matched.

2024-01-29 15:42:14 - [MESSAGE][PASSED] - Actual text and expected text of test object 'Object Repository/Create RSVP/Create RSVP Alert Header' are matched.

2024-01-29 15:42:14 - [TEST_STEP][PASSED] - click(findTestObject("Create Pop-up Alert Page/More button")): Object: 'Object Repository/Create Pop-up Alert Page/More button' is clicked on

2024-01-29 15:42:14 - [MESSAGE][PASSED] - Object: 'Object Repository/Create Pop-up Alert Page/More button' is clicked on

2024-01-29 15:42:14 - [TEST_STEP][PASSED] - click(findTestObject("Create Pop-up Alert Page/Choose recipients modal window/Filter field")): Object: 'Object Repository/Create Pop-up Alert Page/Choose recipients modal window/Filter field' is clicked on

2024-01-29 15:42:14 - [MESSAGE][PASSED] - Object: 'Object Repository/Create Pop-up Alert Page/Choose recipients modal window/Filter field' is clicked on

2024-01-29 15:42:14 - [TEST_STEP][PASSED] - setText(findTestObject("Create Pop-up Alert Page/Choose recipients modal window/Filter field"), "LAPTOP-E6BU4LL9"): Text 'LAPTOP-E6BU4LL9' is set on object 'Object Repository/Create Pop-up Alert Page/Choose recipients modal window/Filter field'

2024-01-29 15:42:16 - [MESSAGE][PASSED] - Text 'LAPTOP-E6BU4LL9' is set on object 'Object Repository/Create Pop-up Alert Page/Choose recipients modal window/Filter field'

2024-01-29 15:42:16 - [TEST_STEP][PASSED] - verifyElementText(findTestObject("Create Pop-up Alert Page/Choose recipients modal window/All user list-filtered"), "LAPTOP-E6BU4LL9 "): Actual text and expected text of test object 'Object Repository/Create Pop-up Alert Page/Choose recipients modal window/All user list-filtered' are matched.

2024-01-29 15:42:17 - [MESSAGE][PASSED] - Actual text and expected text of test object 'Object Repository/Create Pop-up Alert Page/Choose recipients modal window/All user list-filtered' are matched.

2024-01-29 15:42:17 - [TEST_STEP][PASSED] - click(findTestObject("Create Pop-up Alert Page/Choose recipients modal window/filtered user selection")): Object: 'Object Repository/Create Pop-up Alert Page/Choose recipients modal window/filtered user selection' is clicked on

2024-01-29 15:42:17 - [MESSAGE][PASSED] - Object: 'Object Repository/Create Pop-up Alert Page/Choose recipients modal window/filtered user selection' is clicked on

2024-01-29 15:42:17 - [TEST_STEP][PASSED] - verifyElementPresent(findTestObject("Create Pop-up Alert Page/Choose recipients modal window/Choosen users filtered"), 2): Object 'Object Repository/Create Pop-up Alert Page/Choose recipients modal window/Choosen users filtered' is present

2024-01-29 15:42:18 - [MESSAGE][PASSED] - Object 'Object Repository/Create Pop-up Alert Page/Choose recipients modal window/Choosen users filtered' is present

2024-01-29 15:42:18 - [TEST_STEP][PASSED] - click(findTestObject("Create Pop-up Alert Page/Choose recipients modal window/Done button")): Object: 'Object Repository/Create Pop-up Alert Page/Choose recipients modal window/Done button' is clicked on

2024-01-29 15:42:18 - [MESSAGE][PASSED] - Object: 'Object Repository/Create Pop-up Alert Page/Choose recipients modal window/Done button' is clicked on

2024-01-29 15:42:18 - [TEST_STEP][PASSED] - setText(findTestObject("Create Pop-up Alert Page/Alert Title field"), "TC-12"): Text 'TC-12' is set on object 'Object Repository/Create Pop-up Alert Page/Alert Title field'

2024-01-29 15:42:19 - [MESSAGE][PASSED] - Text 'TC-12' is set on object 'Object Repository/Create Pop-up Alert Page/Alert Title field'

2024-01-29 15:42:19 - [TEST_STEP][PASSED] - switchToFrame(findTestObject("Create Pop-up Alert Page/Alert body iframe"), 2): null

2024-01-29 15:42:19 - [TEST_STEP][PASSED] - setText(findTestObject("Create Pop-up Alert Page/Alert body"), "Hello! This is automated RSVP alert from Katalon"): Text 'Hello! This is automated RSVP alert from Katalon' is set on object 'Object Repository/Create Pop-up Alert Page/Alert body'

2024-01-29 15:42:20 - [MESSAGE][PASSED] - Text 'Hello! This is automated RSVP alert from Katalon' is set on object 'Object Repository/Create Pop-up Alert Page/Alert body'

2024-01-29 15:42:20 - [TEST_STEP][PASSED] - switchToDefaultContent(): null

2024-01-29 15:42:20 - [TEST_STEP][PASSED] - setText(findTestObject("Create RSVP/Question 1 title input"), "What drink do You prefer?"): Text 'What drink do You prefer?' is set on object 'Object Repository/Create RSVP/Question 1 title input'

2024-01-29 15:42:21 - [MESSAGE][PASSED] - Text 'What drink do You prefer?' is set on object 'Object Repository/Create RSVP/Question 1 title input'

2024-01-29 15:42:21 - [TEST_STEP][PASSED] - setText(findTestObject("Create RSVP/Answer 1 input"), "Tea"): Text 'Tea' is set on object 'Object Repository/Create RSVP/Answer 1 input'

2024-01-29 15:42:22 - [MESSAGE][PASSED] - Text 'Tea' is set on object 'Object Repository/Create RSVP/Answer 1 input'

2024-01-29 15:42:22 - [TEST_STEP][PASSED] - setText(findTestObject("Create RSVP/Answer 2 input"), "Coffee"): Text 'Coffee' is set on object 'Object Repository/Create RSVP/Answer 2 input'

2024-01-29 15:42:22 - [MESSAGE][PASSED] - Text 'Coffee' is set on object 'Object Repository/Create RSVP/Answer 2 input'

2024-01-29 15:42:22 - [TEST_STEP][PASSED] - check(findTestObject("Create RSVP/Question 2 switch")): Object 'Object Repository/Create RSVP/Question 2 switch' is checked

2024-01-29 15:42:23 - [MESSAGE][PASSED] - Object 'Object Repository/Create RSVP/Question 2 switch' is checked

2024-01-29 15:42:23 - [TEST_STEP][PASSED] - verifyElementChecked(findTestObject("Create RSVP/Question 2 switch"), 1): Object 'Object Repository/Create RSVP/Question 2 switch' is checked

2024-01-29 15:42:23 - [MESSAGE][PASSED] - Object 'Object Repository/Create RSVP/Question 2 switch' is checked

2024-01-29 15:42:23 - [TEST_STEP][PASSED] - setText(findTestObject("Create RSVP/Question 2 title input"), "Why?"): Text 'Why?' is set on object 'Object Repository/Create RSVP/Question 2 title input'

2024-01-29 15:42:24 - [MESSAGE][PASSED] - Text 'Why?' is set on object 'Object Repository/Create RSVP/Question 2 title input'

2024-01-29 15:42:24 - [TEST_STEP][PASSED] - click(findTestObject("Create Pop-up Alert Page/Send button")): Object: 'Object Repository/Create Pop-up Alert Page/Send button' is clicked on

2024-01-29 15:42:24 - [MESSAGE][PASSED] - Object: 'Object Repository/Create Pop-up Alert Page/Send button' is clicked on

2024-01-29 15:42:24 - [TEST_STEP][PASSED] - waitForPageLoad(2): Wait for page load successfully

2024-01-29 15:42:24 - [MESSAGE][PASSED] - Wait for page load successfully

2024-01-29 15:42:24 - [TEST_STEP][PASSED] - setText(findTestObject("Pop-up Alerts page/Search by title field"), "TC-12"): Text 'TC-12' is set on object 'Object Repository/Pop-up Alerts page/Search by title field'

2024-01-29 15:42:26 - [MESSAGE][PASSED] - Text 'TC-12' is set on object 'Object Repository/Pop-up Alerts page/Search by title field'

2024-01-29 15:42:26 - [TEST_STEP][PASSED] - verifyElementText(findTestObject("Pop-up Alerts page/Filtered sent alert"), "TC-12"): Actual text and expected text of test object 'Object Repository/Pop-up Alerts page/Filtered sent alert' are matched.

2024-01-29 15:42:27 - [MESSAGE][PASSED] - Actual text and expected text of test object 'Object Repository/Pop-up Alerts page/Filtered sent alert' are matched.]]></system-out>
         <system-err><![CDATA[]]></system-err>
      </testcase>
      <testcase name="Test Cases/RSVP/RSVP template creation (TC-13)" time="16.27" classname="Test Cases/RSVP/RSVP template creation (TC-13)" status="PASSED">
         <system-out><![CDATA[2024-01-29 15:42:29 - [TEST_CASE][PASSED] - Test Cases/RSVP/RSVP template creation (TC-13): Test Cases/RSVP/RSVP template creation (TC-13)

2024-01-29 15:42:29 - [TEST_STEP][PASSED] - click(findTestObject("Dashboard Page/Left-hand menu_RSVP")): Object: 'Object Repository/Dashboard Page/Left-hand menu_RSVP' is clicked on

2024-01-29 15:42:29 - [MESSAGE][PASSED] - Object: 'Object Repository/Dashboard Page/Left-hand menu_RSVP' is clicked on

2024-01-29 15:42:29 - [TEST_STEP][PASSED] - click(findTestObject("Create RSVP/RSVP templates tab")): Object: 'Object Repository/Create RSVP/RSVP templates tab' is clicked on

2024-01-29 15:42:29 - [MESSAGE][PASSED] - Object: 'Object Repository/Create RSVP/RSVP templates tab' is clicked on

2024-01-29 15:42:29 - [TEST_STEP][PASSED] - click(findTestObject("Create RSVP/New Template RSVP")): Object: 'Object Repository/Create RSVP/New Template RSVP' is clicked on

2024-01-29 15:42:31 - [MESSAGE][PASSED] - Object: 'Object Repository/Create RSVP/New Template RSVP' is clicked on

2024-01-29 15:42:31 - [TEST_STEP][PASSED] - setText(findTestObject("Create RSVP/RSVP template title"), "TC-13"): Text 'TC-13' is set on object 'Object Repository/Create RSVP/RSVP template title'

2024-01-29 15:42:33 - [MESSAGE][PASSED] - Text 'TC-13' is set on object 'Object Repository/Create RSVP/RSVP template title'

2024-01-29 15:42:33 - [TEST_STEP][PASSED] - switchToFrame(findTestObject("Create Pop-up Alert Page/Alert body iframe"), 1): null

2024-01-29 15:42:33 - [TEST_STEP][PASSED] - setText(findTestObject("Create Pop-up Alert Page/Alert body"), "Hello! This is automated RSVP template from Katalon"): Text 'Hello! This is automated RSVP template from Katalon' is set on object 'Object Repository/Create Pop-up Alert Page/Alert body'

2024-01-29 15:42:34 - [MESSAGE][PASSED] - Text 'Hello! This is automated RSVP template from Katalon' is set on object 'Object Repository/Create Pop-up Alert Page/Alert body'

2024-01-29 15:42:34 - [TEST_STEP][PASSED] - switchToDefaultContent(): null

2024-01-29 15:42:34 - [TEST_STEP][PASSED] - setText(findTestObject("Create RSVP/Question 1 title input"), "What is your favorite movie?"): Text 'What is your favorite movie?' is set on object 'Object Repository/Create RSVP/Question 1 title input'

2024-01-29 15:42:35 - [MESSAGE][PASSED] - Text 'What is your favorite movie?' is set on object 'Object Repository/Create RSVP/Question 1 title input'

2024-01-29 15:42:35 - [TEST_STEP][PASSED] - setText(findTestObject("Create RSVP/Answer 1 input"), "Harry Potter"): Text 'Harry Potter' is set on object 'Object Repository/Create RSVP/Answer 1 input'

2024-01-29 15:42:36 - [MESSAGE][PASSED] - Text 'Harry Potter' is set on object 'Object Repository/Create RSVP/Answer 1 input'

2024-01-29 15:42:36 - [TEST_STEP][PASSED] - setText(findTestObject("Create RSVP/Answer 2 input"), "Kill Bill"): Text 'Kill Bill' is set on object 'Object Repository/Create RSVP/Answer 2 input'

2024-01-29 15:42:36 - [MESSAGE][PASSED] - Text 'Kill Bill' is set on object 'Object Repository/Create RSVP/Answer 2 input'

2024-01-29 15:42:36 - [TEST_STEP][PASSED] - check(findTestObject("Create RSVP/Question 2 switch")): Object 'Object Repository/Create RSVP/Question 2 switch' is checked

2024-01-29 15:42:36 - [MESSAGE][PASSED] - Object 'Object Repository/Create RSVP/Question 2 switch' is checked

2024-01-29 15:42:36 - [TEST_STEP][PASSED] - verifyElementChecked(findTestObject("Create RSVP/Question 2 switch"), 1): Object 'Object Repository/Create RSVP/Question 2 switch' is checked

2024-01-29 15:42:37 - [MESSAGE][PASSED] - Object 'Object Repository/Create RSVP/Question 2 switch' is checked

2024-01-29 15:42:37 - [TEST_STEP][PASSED] - setText(findTestObject("Create RSVP/Question 2 title input"), "Why?"): Text 'Why?' is set on object 'Object Repository/Create RSVP/Question 2 title input'

2024-01-29 15:42:38 - [MESSAGE][PASSED] - Text 'Why?' is set on object 'Object Repository/Create RSVP/Question 2 title input'

2024-01-29 15:42:38 - [TEST_STEP][PASSED] - click(findTestObject("Create RSVP/RSVP template Save button")): Object: 'Object Repository/Create RSVP/RSVP template Save button' is clicked on

2024-01-29 15:42:38 - [MESSAGE][PASSED] - Object: 'Object Repository/Create RSVP/RSVP template Save button' is clicked on

2024-01-29 15:42:38 - [TEST_STEP][PASSED] - click(findTestObject("Create RSVP/RSVP templates tab")): Object: 'Object Repository/Create RSVP/RSVP templates tab' is clicked on

2024-01-29 15:42:40 - [MESSAGE][PASSED] - Object: 'Object Repository/Create RSVP/RSVP templates tab' is clicked on

2024-01-29 15:42:40 - [TEST_STEP][PASSED] - setText(findTestObject("Pop-up Alerts page/Search by title field"), "TC-13"): Text 'TC-13' is set on object 'Object Repository/Pop-up Alerts page/Search by title field'

2024-01-29 15:42:41 - [MESSAGE][PASSED] - Text 'TC-13' is set on object 'Object Repository/Pop-up Alerts page/Search by title field'

2024-01-29 15:42:41 - [TEST_STEP][PASSED] - delay(2): Delayed 2 second(s)

2024-01-29 15:42:43 - [MESSAGE][PASSED] - Delayed 2 second(s)

2024-01-29 15:42:43 - [TEST_STEP][PASSED] - verifyElementText(findTestObject("Create RSVP/Filtered RSVP template"), "TC-13"): Actual text and expected text of test object 'Object Repository/Create RSVP/Filtered RSVP template' are matched.

2024-01-29 15:42:43 - [MESSAGE][PASSED] - Actual text and expected text of test object 'Object Repository/Create RSVP/Filtered RSVP template' are matched.]]></system-out>
         <system-err><![CDATA[]]></system-err>
      </testcase>
      <testcase name="Test Cases/RSVP/Send RSVP with template (TC-14)" time="44.102" classname="Test Cases/RSVP/Send RSVP with template (TC-14)" status="FAILED">
         <failure type="FAILED" message="Test Cases/RSVP/Send RSVP with template (TC-14) FAILED.&#xa;Reason:&#xa;com.kms.katalon.core.exception.StepFailedException: Unable to set text 'TC-14' of object 'Object Repository/Pop-up Alerts page/Search by title field'&#xa;	at com.kms.katalon.core.webui.keyword.internal.WebUIKeywordMain.stepFailed(WebUIKeywordMain.groovy:64)&#xa;	at com.kms.katalon.core.webui.keyword.internal.WebUIKeywordMain.runKeyword(WebUIKeywordMain.groovy:26)&#xa;	at com.kms.katalon.core.webui.keyword.builtin.SetTextKeyword.setText(SetTextKeyword.groovy:66)&#xa;	at com.kms.katalon.core.webui.keyword.builtin.SetTextKeyword.execute(SetTextKeyword.groovy:37)&#xa;	at com.kms.katalon.core.keyword.internal.KeywordExecutor.executeKeywordForPlatform(KeywordExecutor.groovy:74)&#xa;	at com.kms.katalon.core.webui.keyword.WebUiBuiltInKeywords.setText(WebUiBuiltInKeywords.groovy:980)&#xa;	at Send RSVP with template (TC-14).run(Send RSVP with template (TC-14):56)&#xa;	at com.kms.katalon.core.main.ScriptEngine.run(ScriptEngine.java:194)&#xa;	at com.kms.katalon.core.main.ScriptEngine.runScriptAsRawText(ScriptEngine.java:119)&#xa;	at com.kms.katalon.core.main.TestCaseExecutor.runScript(TestCaseExecutor.java:448)&#xa;	at com.kms.katalon.core.main.TestCaseExecutor.doExecute(TestCaseExecutor.java:439)&#xa;	at com.kms.katalon.core.main.TestCaseExecutor.processExecutionPhase(TestCaseExecutor.java:418)&#xa;	at com.kms.katalon.core.main.TestCaseExecutor.accessMainPhase(TestCaseExecutor.java:410)&#xa;	at com.kms.katalon.core.main.TestCaseExecutor.execute(TestCaseExecutor.java:285)&#xa;	at com.kms.katalon.core.main.TestCaseExecutor.execute(TestCaseExecutor.java:369)&#xa;	at com.kms.katalon.core.main.TestCaseExecutor.execute(TestCaseExecutor.java:369)&#xa;	at com.kms.katalon.core.main.TestCaseExecutor.execute(TestCaseExecutor.java:369)&#xa;	at com.kms.katalon.core.common.CommonExecutor.accessTestCaseMainPhase(CommonExecutor.java:65)&#xa;	at com.kms.katalon.core.main.TestSuiteExecutor.accessTestSuiteMainPhase(TestSuiteExecutor.java:148)&#xa;	at com.kms.katalon.core.main.TestSuiteExecutor.execute(TestSuiteExecutor.java:106)&#xa;	at com.kms.katalon.core.main.TestCaseMain.startTestSuite(TestCaseMain.java:187)&#xa;	at TempTestSuite1706532118058.run(TempTestSuite1706532118058.groovy:36)&#xa;	at java.base/jdk.internal.reflect.NativeMethodAccessorImpl.invoke0(Native Method)&#xa;	at java.base/jdk.internal.reflect.NativeMethodAccessorImpl.invoke(NativeMethodAccessorImpl.java:77)&#xa;	at java.base/jdk.internal.reflect.DelegatingMethodAccessorImpl.invoke(DelegatingMethodAccessorImpl.java:43)&#xa;Caused by: com.kms.katalon.core.webui.exception.WebElementNotFoundException: Web element with id: 'Object Repository/Pop-up Alerts page/Search by title field' located by '.MuiFormControl-root.MuiTextField-root.newInputSearch input' not found&#xa;	at com.kms.katalon.core.webui.common.WebUiCommonHelper.findWebElement(WebUiCommonHelper.java:1379)&#xa;	at com.kms.katalon.core.webui.keyword.internal.WebUIAbstractKeyword.findWebElement(WebUIAbstractKeyword.groovy:27)&#xa;	at com.kms.katalon.core.webui.keyword.internal.WebUIAbstractKeyword.findWebElement(WebUIAbstractKeyword.groovy:26)&#xa;	at com.kms.katalon.core.webui.keyword.builtin.SetTextKeyword$_setText_closure1.doCall(SetTextKeyword.groovy:51)&#xa;	at com.kms.katalon.core.webui.keyword.builtin.SetTextKeyword$_setText_closure1.call(SetTextKeyword.groovy)&#xa;	at com.kms.katalon.core.webui.keyword.internal.WebUIKeywordMain.runKeyword(WebUIKeywordMain.groovy:20)&#xa;	... 23 more&#xa;"/>
         <system-out><![CDATA[2024-01-29 15:45:00 - [TEST_CASE][FAILED] - Test Cases/RSVP/Send RSVP with template (TC-14): Test Cases/RSVP/Send RSVP with template (TC-14) FAILED.
Reason:
com.kms.katalon.core.exception.StepFailedException: Unable to set text 'TC-14' of object 'Object Repository/Pop-up Alerts page/Search by title field'
	at com.kms.katalon.core.webui.keyword.internal.WebUIKeywordMain.stepFailed(WebUIKeywordMain.groovy:64)
	at com.kms.katalon.core.webui.keyword.internal.WebUIKeywordMain.runKeyword(WebUIKeywordMain.groovy:26)
	at com.kms.katalon.core.webui.keyword.builtin.SetTextKeyword.setText(SetTextKeyword.groovy:66)
	at com.kms.katalon.core.webui.keyword.builtin.SetTextKeyword.execute(SetTextKeyword.groovy:37)
	at com.kms.katalon.core.keyword.internal.KeywordExecutor.executeKeywordForPlatform(KeywordExecutor.groovy:74)
	at com.kms.katalon.core.webui.keyword.WebUiBuiltInKeywords.setText(WebUiBuiltInKeywords.groovy:980)
	at Send RSVP with template (TC-14).run(Send RSVP with template (TC-14):56)
	at com.kms.katalon.core.main.ScriptEngine.run(ScriptEngine.java:194)
	at com.kms.katalon.core.main.ScriptEngine.runScriptAsRawText(ScriptEngine.java:119)
	at com.kms.katalon.core.main.TestCaseExecutor.runScript(TestCaseExecutor.java:448)
	at com.kms.katalon.core.main.TestCaseExecutor.doExecute(TestCaseExecutor.java:439)
	at com.kms.katalon.core.main.TestCaseExecutor.processExecutionPhase(TestCaseExecutor.java:418)
	at com.kms.katalon.core.main.TestCaseExecutor.accessMainPhase(TestCaseExecutor.java:410)
	at com.kms.katalon.core.main.TestCaseExecutor.execute(TestCaseExecutor.java:285)
	at com.kms.katalon.core.main.TestCaseExecutor.execute(TestCaseExecutor.java:369)
	at com.kms.katalon.core.main.TestCaseExecutor.execute(TestCaseExecutor.java:369)
	at com.kms.katalon.core.main.TestCaseExecutor.execute(TestCaseExecutor.java:369)
	at com.kms.katalon.core.common.CommonExecutor.accessTestCaseMainPhase(CommonExecutor.java:65)
	at com.kms.katalon.core.main.TestSuiteExecutor.accessTestSuiteMainPhase(TestSuiteExecutor.java:148)
	at com.kms.katalon.core.main.TestSuiteExecutor.execute(TestSuiteExecutor.java:106)
	at com.kms.katalon.core.main.TestCaseMain.startTestSuite(TestCaseMain.java:187)
	at TempTestSuite1706532118058.run(TempTestSuite1706532118058.groovy:36)
	at java.base/jdk.internal.reflect.NativeMethodAccessorImpl.invoke0(Native Method)
	at java.base/jdk.internal.reflect.NativeMethodAccessorImpl.invoke(NativeMethodAccessorImpl.java:77)
	at java.base/jdk.internal.reflect.DelegatingMethodAccessorImpl.invoke(DelegatingMethodAccessorImpl.java:43)
Caused by: com.kms.katalon.core.webui.exception.WebElementNotFoundException: Web element with id: 'Object Repository/Pop-up Alerts page/Search by title field' located by '.MuiFormControl-root.MuiTextField-root.newInputSearch input' not found
	at com.kms.katalon.core.webui.common.WebUiCommonHelper.findWebElement(WebUiCommonHelper.java:1379)
	at com.kms.katalon.core.webui.keyword.internal.WebUIAbstractKeyword.findWebElement(WebUIAbstractKeyword.groovy:27)
	at com.kms.katalon.core.webui.keyword.internal.WebUIAbstractKeyword.findWebElement(WebUIAbstractKeyword.groovy:26)
	at com.kms.katalon.core.webui.keyword.builtin.SetTextKeyword$_setText_closure1.doCall(SetTextKeyword.groovy:51)
	at com.kms.katalon.core.webui.keyword.builtin.SetTextKeyword$_setText_closure1.call(SetTextKeyword.groovy)
	at com.kms.katalon.core.webui.keyword.internal.WebUIKeywordMain.runKeyword(WebUIKeywordMain.groovy:20)
	... 23 more


2024-01-29 15:45:00 - [TEST_STEP][PASSED] - click(findTestObject("Dashboard Page/Compose alert button expansion")): Object: 'Object Repository/Dashboard Page/Compose alert button expansion' is clicked on

2024-01-29 15:45:01 - [MESSAGE][PASSED] - Object: 'Object Repository/Dashboard Page/Compose alert button expansion' is clicked on

2024-01-29 15:45:01 - [TEST_STEP][PASSED] - click(findTestObject("Dashboard Page/RSVP")): Object: 'Object Repository/Dashboard Page/RSVP' is clicked on

2024-01-29 15:45:01 - [MESSAGE][PASSED] - Object: 'Object Repository/Dashboard Page/RSVP' is clicked on

2024-01-29 15:45:01 - [TEST_STEP][PASSED] - refresh(): Refresh successfully

2024-01-29 15:45:01 - [MESSAGE][PASSED] - Refresh successfully

2024-01-29 15:45:01 - [TEST_STEP][PASSED] - verifyElementText(findTestObject("Create RSVP/Create RSVP Alert Header"), "Create RSVP Alert"): Actual text and expected text of test object 'Object Repository/Create RSVP/Create RSVP Alert Header' are matched.

2024-01-29 15:45:03 - [MESSAGE][PASSED] - Actual text and expected text of test object 'Object Repository/Create RSVP/Create RSVP Alert Header' are matched.

2024-01-29 15:45:03 - [TEST_STEP][PASSED] - click(findTestObject("Create Pop-up Alert Page/More button")): Object: 'Object Repository/Create Pop-up Alert Page/More button' is clicked on

2024-01-29 15:45:03 - [MESSAGE][PASSED] - Object: 'Object Repository/Create Pop-up Alert Page/More button' is clicked on

2024-01-29 15:45:03 - [TEST_STEP][PASSED] - click(findTestObject("Create Pop-up Alert Page/Choose recipients modal window/Filter field")): Object: 'Object Repository/Create Pop-up Alert Page/Choose recipients modal window/Filter field' is clicked on

2024-01-29 15:45:04 - [MESSAGE][PASSED] - Object: 'Object Repository/Create Pop-up Alert Page/Choose recipients modal window/Filter field' is clicked on

2024-01-29 15:45:04 - [TEST_STEP][PASSED] - setText(findTestObject("Create Pop-up Alert Page/Choose recipients modal window/Filter field"), "LAPTOP-E6BU4LL9"): Text 'LAPTOP-E6BU4LL9' is set on object 'Object Repository/Create Pop-up Alert Page/Choose recipients modal window/Filter field'

2024-01-29 15:45:05 - [MESSAGE][PASSED] - Text 'LAPTOP-E6BU4LL9' is set on object 'Object Repository/Create Pop-up Alert Page/Choose recipients modal window/Filter field'

2024-01-29 15:45:05 - [TEST_STEP][PASSED] - verifyElementText(findTestObject("Create Pop-up Alert Page/Choose recipients modal window/All user list-filtered"), "LAPTOP-E6BU4LL9 "): Actual text and expected text of test object 'Object Repository/Create Pop-up Alert Page/Choose recipients modal window/All user list-filtered' are matched.

2024-01-29 15:45:06 - [MESSAGE][PASSED] - Actual text and expected text of test object 'Object Repository/Create Pop-up Alert Page/Choose recipients modal window/All user list-filtered' are matched.

2024-01-29 15:45:06 - [TEST_STEP][PASSED] - click(findTestObject("Create Pop-up Alert Page/Choose recipients modal window/filtered user selection")): Object: 'Object Repository/Create Pop-up Alert Page/Choose recipients modal window/filtered user selection' is clicked on

2024-01-29 15:45:06 - [MESSAGE][PASSED] - Object: 'Object Repository/Create Pop-up Alert Page/Choose recipients modal window/filtered user selection' is clicked on

2024-01-29 15:45:06 - [TEST_STEP][PASSED] - verifyElementPresent(findTestObject("Create Pop-up Alert Page/Choose recipients modal window/Choosen users filtered"), 2): Object 'Object Repository/Create Pop-up Alert Page/Choose recipients modal window/Choosen users filtered' is present

2024-01-29 15:45:07 - [MESSAGE][PASSED] - Object 'Object Repository/Create Pop-up Alert Page/Choose recipients modal window/Choosen users filtered' is present

2024-01-29 15:45:07 - [TEST_STEP][PASSED] - click(findTestObject("Create Pop-up Alert Page/Choose recipients modal window/Done button")): Object: 'Object Repository/Create Pop-up Alert Page/Choose recipients modal window/Done button' is clicked on

2024-01-29 15:45:07 - [MESSAGE][PASSED] - Object: 'Object Repository/Create Pop-up Alert Page/Choose recipients modal window/Done button' is clicked on

2024-01-29 15:45:07 - [TEST_STEP][PASSED] - click(findTestObject("Create Pop-up Alert Page/Template selection button")): Object: 'Object Repository/Create Pop-up Alert Page/Template selection button' is clicked on

2024-01-29 15:45:08 - [MESSAGE][PASSED] - Object: 'Object Repository/Create Pop-up Alert Page/Template selection button' is clicked on

2024-01-29 15:45:08 - [TEST_STEP][PASSED] - click(findTestObject("Create RSVP/RSVP template with given value")): Object: 'Object Repository/Create RSVP/RSVP template with given value' is clicked on

2024-01-29 15:45:08 - [MESSAGE][PASSED] - Object: 'Object Repository/Create RSVP/RSVP template with given value' is clicked on

2024-01-29 15:45:08 - [TEST_STEP][PASSED] - sendKeys(findTestObject("Create Pop-up Alert Page/Alert Title field"), Keys.chord(CONTROL, "a", BACK_SPACE)): Keys 'CONTROL + BACK_SPACE + a' sent to object: 'Object Repository/Create Pop-up Alert Page/Alert Title field'

2024-01-29 15:45:09 - [MESSAGE][PASSED] - Keys 'CONTROL + BACK_SPACE + a' sent to object: 'Object Repository/Create Pop-up Alert Page/Alert Title field'

2024-01-29 15:45:09 - [TEST_STEP][PASSED] - setText(findTestObject("Create Pop-up Alert Page/Alert Title field"), "TC-14"): Text 'TC-14' is set on object 'Object Repository/Create Pop-up Alert Page/Alert Title field'

2024-01-29 15:45:10 - [MESSAGE][PASSED] - Text 'TC-14' is set on object 'Object Repository/Create Pop-up Alert Page/Alert Title field'

2024-01-29 15:45:10 - [TEST_STEP][PASSED] - click(findTestObject("Create Pop-up Alert Page/Send button")): Object: 'Object Repository/Create Pop-up Alert Page/Send button' is clicked on

2024-01-29 15:45:10 - [MESSAGE][PASSED] - Object: 'Object Repository/Create Pop-up Alert Page/Send button' is clicked on

2024-01-29 15:45:10 - [TEST_STEP][PASSED] - waitForPageLoad(2): Wait for page load successfully

2024-01-29 15:45:10 - [MESSAGE][PASSED] - Wait for page load successfully

2024-01-29 15:45:10 - [TEST_STEP][FAILED] - setText(findTestObject("Pop-up Alerts page/Search by title field"), "TC-14"): Unable to set text 'TC-14' of object 'Object Repository/Pop-up Alerts page/Search by title field' (Root cause: com.kms.katalon.core.exception.StepFailedException: Unable to set text 'TC-14' of object 'Object Repository/Pop-up Alerts page/Search by title field'
	at com.kms.katalon.core.webui.keyword.internal.WebUIKeywordMain.stepFailed(WebUIKeywordMain.groovy:64)
	at com.kms.katalon.core.webui.keyword.internal.WebUIKeywordMain.runKeyword(WebUIKeywordMain.groovy:26)
	at com.kms.katalon.core.webui.keyword.builtin.SetTextKeyword.setText(SetTextKeyword.groovy:66)
	at com.kms.katalon.core.webui.keyword.builtin.SetTextKeyword.execute(SetTextKeyword.groovy:37)
	at com.kms.katalon.core.keyword.internal.KeywordExecutor.executeKeywordForPlatform(KeywordExecutor.groovy:74)
	at com.kms.katalon.core.webui.keyword.WebUiBuiltInKeywords.setText(WebUiBuiltInKeywords.groovy:980)
	at Send RSVP with template (TC-14).run(Send RSVP with template (TC-14):56)
	at com.kms.katalon.core.main.ScriptEngine.run(ScriptEngine.java:194)
	at com.kms.katalon.core.main.ScriptEngine.runScriptAsRawText(ScriptEngine.java:119)
	at com.kms.katalon.core.main.TestCaseExecutor.runScript(TestCaseExecutor.java:448)
	at com.kms.katalon.core.main.TestCaseExecutor.doExecute(TestCaseExecutor.java:439)
	at com.kms.katalon.core.main.TestCaseExecutor.processExecutionPhase(TestCaseExecutor.java:418)
	at com.kms.katalon.core.main.TestCaseExecutor.accessMainPhase(TestCaseExecutor.java:410)
	at com.kms.katalon.core.main.TestCaseExecutor.execute(TestCaseExecutor.java:285)
	at com.kms.katalon.core.main.TestCaseExecutor.execute(TestCaseExecutor.java:369)
	at com.kms.katalon.core.main.TestCaseExecutor.execute(TestCaseExecutor.java:369)
	at com.kms.katalon.core.main.TestCaseExecutor.execute(TestCaseExecutor.java:369)
	at com.kms.katalon.core.common.CommonExecutor.accessTestCaseMainPhase(CommonExecutor.java:65)
	at com.kms.katalon.core.main.TestSuiteExecutor.accessTestSuiteMainPhase(TestSuiteExecutor.java:148)
	at com.kms.katalon.core.main.TestSuiteExecutor.execute(TestSuiteExecutor.java:106)
	at com.kms.katalon.core.main.TestCaseMain.startTestSuite(TestCaseMain.java:187)
	at TempTestSuite1706532118058.run(TempTestSuite1706532118058.groovy:36)
	at java.base/jdk.internal.reflect.NativeMethodAccessorImpl.invoke0(Native Method)
	at java.base/jdk.internal.reflect.NativeMethodAccessorImpl.invoke(NativeMethodAccessorImpl.java:77)
	at java.base/jdk.internal.reflect.DelegatingMethodAccessorImpl.invoke(DelegatingMethodAccessorImpl.java:43)
Caused by: com.kms.katalon.core.webui.exception.WebElementNotFoundException: Web element with id: 'Object Repository/Pop-up Alerts page/Search by title field' located by '.MuiFormControl-root.MuiTextField-root.newInputSearch input' not found
	at com.kms.katalon.core.webui.common.WebUiCommonHelper.findWebElement(WebUiCommonHelper.java:1379)
	at com.kms.katalon.core.webui.keyword.internal.WebUIAbstractKeyword.findWebElement(WebUIAbstractKeyword.groovy:27)
	at com.kms.katalon.core.webui.keyword.internal.WebUIAbstractKeyword.findWebElement(WebUIAbstractKeyword.groovy:26)
	at com.kms.katalon.core.webui.keyword.builtin.SetTextKeyword$_setText_closure1.doCall(SetTextKeyword.groovy:51)
	at com.kms.katalon.core.webui.keyword.builtin.SetTextKeyword$_setText_closure1.call(SetTextKeyword.groovy)
	at com.kms.katalon.core.webui.keyword.internal.WebUIKeywordMain.runKeyword(WebUIKeywordMain.groovy:20)
	at com.kms.katalon.core.webui.keyword.builtin.SetTextKeyword.setText(SetTextKeyword.groovy:66)
	at com.kms.katalon.core.webui.keyword.builtin.SetTextKeyword.execute(SetTextKeyword.groovy:37)
	at com.kms.katalon.core.keyword.internal.KeywordExecutor.executeKeywordForPlatform(KeywordExecutor.groovy:74)
	at com.kms.katalon.core.webui.keyword.WebUiBuiltInKeywords.setText(WebUiBuiltInKeywords.groovy:980)
	at Script1706528775610.run(Script1706528775610.groovy:56)
	... 18 more
)

2024-01-29 15:45:41 - [MESSAGE][INFO] - Unable to find the element located by 'By.cssSelector: .MuiFormControl-root.MuiTextField-root.newInputSearch input'. Please recheck the objects properties to make sure the desired element is located. 

2024-01-29 15:45:41 - [MESSAGE][WARNING] - [SELF-HEALING] Failed to find element with id 'Object Repository/Pop-up Alerts page/Search by title field'. Try using Self-healing.

2024-01-29 15:45:41 - [MESSAGE][WARNING] - [SELF-HEALING] Cannot find elements when the XPath is null.

2024-01-29 15:45:42 - [MESSAGE][INFO] - Unable to find the element located by 'By.xpath: '. Please recheck the objects properties to make sure the desired element is located. 

2024-01-29 15:45:42 - [MESSAGE][FAILED] - Unable to set text 'TC-14' of object 'Object Repository/Pop-up Alerts page/Search by title field' (Root cause: com.kms.katalon.core.exception.StepFailedException: Unable to set text 'TC-14' of object 'Object Repository/Pop-up Alerts page/Search by title field'
	at com.kms.katalon.core.webui.keyword.internal.WebUIKeywordMain.stepFailed(WebUIKeywordMain.groovy:64)
	at com.kms.katalon.core.webui.keyword.internal.WebUIKeywordMain.runKeyword(WebUIKeywordMain.groovy:26)
	at com.kms.katalon.core.webui.keyword.builtin.SetTextKeyword.setText(SetTextKeyword.groovy:66)
	at com.kms.katalon.core.webui.keyword.builtin.SetTextKeyword.execute(SetTextKeyword.groovy:37)
	at com.kms.katalon.core.keyword.internal.KeywordExecutor.executeKeywordForPlatform(KeywordExecutor.groovy:74)
	at com.kms.katalon.core.webui.keyword.WebUiBuiltInKeywords.setText(WebUiBuiltInKeywords.groovy:980)
	at Send RSVP with template (TC-14).run(Send RSVP with template (TC-14):56)
	at com.kms.katalon.core.main.ScriptEngine.run(ScriptEngine.java:194)
	at com.kms.katalon.core.main.ScriptEngine.runScriptAsRawText(ScriptEngine.java:119)
	at com.kms.katalon.core.main.TestCaseExecutor.runScript(TestCaseExecutor.java:448)
	at com.kms.katalon.core.main.TestCaseExecutor.doExecute(TestCaseExecutor.java:439)
	at com.kms.katalon.core.main.TestCaseExecutor.processExecutionPhase(TestCaseExecutor.java:418)
	at com.kms.katalon.core.main.TestCaseExecutor.accessMainPhase(TestCaseExecutor.java:410)
	at com.kms.katalon.core.main.TestCaseExecutor.execute(TestCaseExecutor.java:285)
	at com.kms.katalon.core.main.TestCaseExecutor.execute(TestCaseExecutor.java:369)
	at com.kms.katalon.core.main.TestCaseExecutor.execute(TestCaseExecutor.java:369)
	at com.kms.katalon.core.main.TestCaseExecutor.execute(TestCaseExecutor.java:369)
	at com.kms.katalon.core.common.CommonExecutor.accessTestCaseMainPhase(CommonExecutor.java:65)
	at com.kms.katalon.core.main.TestSuiteExecutor.accessTestSuiteMainPhase(TestSuiteExecutor.java:148)
	at com.kms.katalon.core.main.TestSuiteExecutor.execute(TestSuiteExecutor.java:106)
	at com.kms.katalon.core.main.TestCaseMain.startTestSuite(TestCaseMain.java:187)
	at TempTestSuite1706532118058.run(TempTestSuite1706532118058.groovy:36)
	at java.base/jdk.internal.reflect.NativeMethodAccessorImpl.invoke0(Native Method)
	at java.base/jdk.internal.reflect.NativeMethodAccessorImpl.invoke(NativeMethodAccessorImpl.java:77)
	at java.base/jdk.internal.reflect.DelegatingMethodAccessorImpl.invoke(DelegatingMethodAccessorImpl.java:43)
Caused by: com.kms.katalon.core.webui.exception.WebElementNotFoundException: Web element with id: 'Object Repository/Pop-up Alerts page/Search by title field' located by '.MuiFormControl-root.MuiTextField-root.newInputSearch input' not found
	at com.kms.katalon.core.webui.common.WebUiCommonHelper.findWebElement(WebUiCommonHelper.java:1379)
	at com.kms.katalon.core.webui.keyword.internal.WebUIAbstractKeyword.findWebElement(WebUIAbstractKeyword.groovy:27)
	at com.kms.katalon.core.webui.keyword.internal.WebUIAbstractKeyword.findWebElement(WebUIAbstractKeyword.groovy:26)
	at com.kms.katalon.core.webui.keyword.builtin.SetTextKeyword$_setText_closure1.doCall(SetTextKeyword.groovy:51)
	at com.kms.katalon.core.webui.keyword.builtin.SetTextKeyword$_setText_closure1.call(SetTextKeyword.groovy)
	at com.kms.katalon.core.webui.keyword.internal.WebUIKeywordMain.runKeyword(WebUIKeywordMain.groovy:20)
	at com.kms.katalon.core.webui.keyword.builtin.SetTextKeyword.setText(SetTextKeyword.groovy:66)
	at com.kms.katalon.core.webui.keyword.builtin.SetTextKeyword.execute(SetTextKeyword.groovy:37)
	at com.kms.katalon.core.keyword.internal.KeywordExecutor.executeKeywordForPlatform(KeywordExecutor.groovy:74)
	at com.kms.katalon.core.webui.keyword.WebUiBuiltInKeywords.setText(WebUiBuiltInKeywords.groovy:980)
	at Script1706528775610.run(Script1706528775610.groovy:56)
	... 18 more
)
[[ATTACHMENT|C:\\Users\\Home\\git\\Katalon\\Reports\\20240129_154158\\RSVP Alert\\20240129_154158\\1706532342818.png]]

2024-01-29 15:45:44 - [TEST_STEP][PASSED] - Video: Video recording for test case 'Test Cases/RSVP/Send RSVP with template (TC-14)' .

2024-01-29 15:45:44 - [MESSAGE][INFO] - Video recording for test case 'Test Cases/RSVP/Send RSVP with template (TC-14)' .]]></system-out>
         <system-err><![CDATA[2024-01-29 15:45:00 - [TEST_CASE][FAILED] - Test Cases/RSVP/Send RSVP with template (TC-14): Test Cases/RSVP/Send RSVP with template (TC-14) FAILED.
Reason:
com.kms.katalon.core.exception.StepFailedException: Unable to set text 'TC-14' of object 'Object Repository/Pop-up Alerts page/Search by title field'
	at com.kms.katalon.core.webui.keyword.internal.WebUIKeywordMain.stepFailed(WebUIKeywordMain.groovy:64)
	at com.kms.katalon.core.webui.keyword.internal.WebUIKeywordMain.runKeyword(WebUIKeywordMain.groovy:26)
	at com.kms.katalon.core.webui.keyword.builtin.SetTextKeyword.setText(SetTextKeyword.groovy:66)
	at com.kms.katalon.core.webui.keyword.builtin.SetTextKeyword.execute(SetTextKeyword.groovy:37)
	at com.kms.katalon.core.keyword.internal.KeywordExecutor.executeKeywordForPlatform(KeywordExecutor.groovy:74)
	at com.kms.katalon.core.webui.keyword.WebUiBuiltInKeywords.setText(WebUiBuiltInKeywords.groovy:980)
	at Send RSVP with template (TC-14).run(Send RSVP with template (TC-14):56)
	at com.kms.katalon.core.main.ScriptEngine.run(ScriptEngine.java:194)
	at com.kms.katalon.core.main.ScriptEngine.runScriptAsRawText(ScriptEngine.java:119)
	at com.kms.katalon.core.main.TestCaseExecutor.runScript(TestCaseExecutor.java:448)
	at com.kms.katalon.core.main.TestCaseExecutor.doExecute(TestCaseExecutor.java:439)
	at com.kms.katalon.core.main.TestCaseExecutor.processExecutionPhase(TestCaseExecutor.java:418)
	at com.kms.katalon.core.main.TestCaseExecutor.accessMainPhase(TestCaseExecutor.java:410)
	at com.kms.katalon.core.main.TestCaseExecutor.execute(TestCaseExecutor.java:285)
	at com.kms.katalon.core.main.TestCaseExecutor.execute(TestCaseExecutor.java:369)
	at com.kms.katalon.core.main.TestCaseExecutor.execute(TestCaseExecutor.java:369)
	at com.kms.katalon.core.main.TestCaseExecutor.execute(TestCaseExecutor.java:369)
	at com.kms.katalon.core.common.CommonExecutor.accessTestCaseMainPhase(CommonExecutor.java:65)
	at com.kms.katalon.core.main.TestSuiteExecutor.accessTestSuiteMainPhase(TestSuiteExecutor.java:148)
	at com.kms.katalon.core.main.TestSuiteExecutor.execute(TestSuiteExecutor.java:106)
	at com.kms.katalon.core.main.TestCaseMain.startTestSuite(TestCaseMain.java:187)
	at TempTestSuite1706532118058.run(TempTestSuite1706532118058.groovy:36)
	at java.base/jdk.internal.reflect.NativeMethodAccessorImpl.invoke0(Native Method)
	at java.base/jdk.internal.reflect.NativeMethodAccessorImpl.invoke(NativeMethodAccessorImpl.java:77)
	at java.base/jdk.internal.reflect.DelegatingMethodAccessorImpl.invoke(DelegatingMethodAccessorImpl.java:43)
Caused by: com.kms.katalon.core.webui.exception.WebElementNotFoundException: Web element with id: 'Object Repository/Pop-up Alerts page/Search by title field' located by '.MuiFormControl-root.MuiTextField-root.newInputSearch input' not found
	at com.kms.katalon.core.webui.common.WebUiCommonHelper.findWebElement(WebUiCommonHelper.java:1379)
	at com.kms.katalon.core.webui.keyword.internal.WebUIAbstractKeyword.findWebElement(WebUIAbstractKeyword.groovy:27)
	at com.kms.katalon.core.webui.keyword.internal.WebUIAbstractKeyword.findWebElement(WebUIAbstractKeyword.groovy:26)
	at com.kms.katalon.core.webui.keyword.builtin.SetTextKeyword$_setText_closure1.doCall(SetTextKeyword.groovy:51)
	at com.kms.katalon.core.webui.keyword.builtin.SetTextKeyword$_setText_closure1.call(SetTextKeyword.groovy)
	at com.kms.katalon.core.webui.keyword.internal.WebUIKeywordMain.runKeyword(WebUIKeywordMain.groovy:20)
	... 23 more]]></system-err>
      </testcase>
      <system-out><![CDATA[2024-01-29 15:42:00 - [TEST_SUITE][FAILED] - RSVP Alert: Test Cases/RSVP/Send RSVP with template (TC-14) FAILED.
Reason:
com.kms.katalon.core.exception.StepFailedException: Unable to set text 'TC-14' of object 'Object Repository/Pop-up Alerts page/Search by title field'
	at com.kms.katalon.core.webui.keyword.internal.WebUIKeywordMain.stepFailed(WebUIKeywordMain.groovy:64)
	at com.kms.katalon.core.webui.keyword.internal.WebUIKeywordMain.runKeyword(WebUIKeywordMain.groovy:26)
	at com.kms.katalon.core.webui.keyword.builtin.SetTextKeyword.setText(SetTextKeyword.groovy:66)
	at com.kms.katalon.core.webui.keyword.builtin.SetTextKeyword.execute(SetTextKeyword.groovy:37)
	at com.kms.katalon.core.keyword.internal.KeywordExecutor.executeKeywordForPlatform(KeywordExecutor.groovy:74)
	at com.kms.katalon.core.webui.keyword.WebUiBuiltInKeywords.setText(WebUiBuiltInKeywords.groovy:980)
	at Send RSVP with template (TC-14).run(Send RSVP with template (TC-14):56)
	at com.kms.katalon.core.main.ScriptEngine.run(ScriptEngine.java:194)
	at com.kms.katalon.core.main.ScriptEngine.runScriptAsRawText(ScriptEngine.java:119)
	at com.kms.katalon.core.main.TestCaseExecutor.runScript(TestCaseExecutor.java:448)
	at com.kms.katalon.core.main.TestCaseExecutor.doExecute(TestCaseExecutor.java:439)
	at com.kms.katalon.core.main.TestCaseExecutor.processExecutionPhase(TestCaseExecutor.java:418)
	at com.kms.katalon.core.main.TestCaseExecutor.accessMainPhase(TestCaseExecutor.java:410)
	at com.kms.katalon.core.main.TestCaseExecutor.execute(TestCaseExecutor.java:285)
	at com.kms.katalon.core.common.CommonExecutor.accessTestCaseMainPhase(CommonExecutor.java:65)
	at com.kms.katalon.core.main.TestSuiteExecutor.accessTestSuiteMainPhase(TestSuiteExecutor.java:148)
	at com.kms.katalon.core.main.TestSuiteExecutor.execute(TestSuiteExecutor.java:106)
	at com.kms.katalon.core.main.TestCaseMain.startTestSuite(TestCaseMain.java:187)
	at TempTestSuite1706532118058.run(TempTestSuite1706532118058.groovy:36)
	at java.base/jdk.internal.reflect.NativeMethodAccessorImpl.invoke0(Native Method)
	at java.base/jdk.internal.reflect.NativeMethodAccessorImpl.invoke(NativeMethodAccessorImpl.java:77)
	at java.base/jdk.internal.reflect.DelegatingMethodAccessorImpl.invoke(DelegatingMethodAccessorImpl.java:43)
Caused by: com.kms.katalon.core.webui.exception.WebElementNotFoundException: Web element with id: 'Object Repository/Pop-up Alerts page/Search by title field' located by '.MuiFormControl-root.MuiTextField-root.newInputSearch input' not found
	at com.kms.katalon.core.webui.common.WebUiCommonHelper.findWebElement(WebUiCommonHelper.java:1379)
	at com.kms.katalon.core.webui.keyword.internal.WebUIAbstractKeyword.findWebElement(WebUIAbstractKeyword.groovy:27)
	at com.kms.katalon.core.webui.keyword.internal.WebUIAbstractKeyword.findWebElement(WebUIAbstractKeyword.groovy:26)
	at com.kms.katalon.core.webui.keyword.builtin.SetTextKeyword$_setText_closure1.doCall(SetTextKeyword.groovy:51)
	at com.kms.katalon.core.webui.keyword.builtin.SetTextKeyword$_setText_closure1.call(SetTextKeyword.groovy)
	at com.kms.katalon.core.webui.keyword.internal.WebUIKeywordMain.runKeyword(WebUIKeywordMain.groovy:20)
	... 20 more]]></system-out>
      <system-err><![CDATA[2024-01-29 15:42:00 - [TEST_SUITE][FAILED] - RSVP Alert: Test Cases/RSVP/Send RSVP with template (TC-14) FAILED.
Reason:
com.kms.katalon.core.exception.StepFailedException: Unable to set text 'TC-14' of object 'Object Repository/Pop-up Alerts page/Search by title field'
	at com.kms.katalon.core.webui.keyword.internal.WebUIKeywordMain.stepFailed(WebUIKeywordMain.groovy:64)
	at com.kms.katalon.core.webui.keyword.internal.WebUIKeywordMain.runKeyword(WebUIKeywordMain.groovy:26)
	at com.kms.katalon.core.webui.keyword.builtin.SetTextKeyword.setText(SetTextKeyword.groovy:66)
	at com.kms.katalon.core.webui.keyword.builtin.SetTextKeyword.execute(SetTextKeyword.groovy:37)
	at com.kms.katalon.core.keyword.internal.KeywordExecutor.executeKeywordForPlatform(KeywordExecutor.groovy:74)
	at com.kms.katalon.core.webui.keyword.WebUiBuiltInKeywords.setText(WebUiBuiltInKeywords.groovy:980)
	at Send RSVP with template (TC-14).run(Send RSVP with template (TC-14):56)
	at com.kms.katalon.core.main.ScriptEngine.run(ScriptEngine.java:194)
	at com.kms.katalon.core.main.ScriptEngine.runScriptAsRawText(ScriptEngine.java:119)
	at com.kms.katalon.core.main.TestCaseExecutor.runScript(TestCaseExecutor.java:448)
	at com.kms.katalon.core.main.TestCaseExecutor.doExecute(TestCaseExecutor.java:439)
	at com.kms.katalon.core.main.TestCaseExecutor.processExecutionPhase(TestCaseExecutor.java:418)
	at com.kms.katalon.core.main.TestCaseExecutor.accessMainPhase(TestCaseExecutor.java:410)
	at com.kms.katalon.core.main.TestCaseExecutor.execute(TestCaseExecutor.java:285)
	at com.kms.katalon.core.common.CommonExecutor.accessTestCaseMainPhase(CommonExecutor.java:65)
	at com.kms.katalon.core.main.TestSuiteExecutor.accessTestSuiteMainPhase(TestSuiteExecutor.java:148)
	at com.kms.katalon.core.main.TestSuiteExecutor.execute(TestSuiteExecutor.java:106)
	at com.kms.katalon.core.main.TestCaseMain.startTestSuite(TestCaseMain.java:187)
	at TempTestSuite1706532118058.run(TempTestSuite1706532118058.groovy:36)
	at java.base/jdk.internal.reflect.NativeMethodAccessorImpl.invoke0(Native Method)
	at java.base/jdk.internal.reflect.NativeMethodAccessorImpl.invoke(NativeMethodAccessorImpl.java:77)
	at java.base/jdk.internal.reflect.DelegatingMethodAccessorImpl.invoke(DelegatingMethodAccessorImpl.java:43)
Caused by: com.kms.katalon.core.webui.exception.WebElementNotFoundException: Web element with id: 'Object Repository/Pop-up Alerts page/Search by title field' located by '.MuiFormControl-root.MuiTextField-root.newInputSearch input' not found
	at com.kms.katalon.core.webui.common.WebUiCommonHelper.findWebElement(WebUiCommonHelper.java:1379)
	at com.kms.katalon.core.webui.keyword.internal.WebUIAbstractKeyword.findWebElement(WebUIAbstractKeyword.groovy:27)
	at com.kms.katalon.core.webui.keyword.internal.WebUIAbstractKeyword.findWebElement(WebUIAbstractKeyword.groovy:26)
	at com.kms.katalon.core.webui.keyword.builtin.SetTextKeyword$_setText_closure1.doCall(SetTextKeyword.groovy:51)
	at com.kms.katalon.core.webui.keyword.builtin.SetTextKeyword$_setText_closure1.call(SetTextKeyword.groovy)
	at com.kms.katalon.core.webui.keyword.internal.WebUIKeywordMain.runKeyword(WebUIKeywordMain.groovy:20)
	... 20 more]]></system-err>
   </testsuite>
</testsuites>
