<?xml version="1.0" encoding="UTF-8"?>
<testsuites name="Scrolling ticker" time="236.434" tests="6" failures="1" errors="0">
   <testsuite name="Scrolling ticker" tests="6" failures="1" errors="0" time="236.434" skipped="0" timestamp="22-04-2024T11:26:32" hostname="Home - LAPTOP-E6BU4LL9.Dlink" id="Test Suites/Scrolling ticker">
      <properties>
         <property name="deviceName" value=""/>
         <property name="devicePlatform" value=""/>
         <property name="logFolder" value="C:\\Users\\Home\\git\\Katalon\\Reports\\20240422_112626\\Scrolling ticker\\20240422_112627"/>
         <property name="logFiles" value="C:\\Users\\Home\\git\\Katalon\\Reports\\20240422_112626\\Scrolling ticker\\20240422_112627\\execution0.log"/>
         <property name="attachments" value="C:\\Users\\Home\\git\\Katalon\\Reports\\20240422_112626\\Scrolling ticker\\20240422_112627\\1713774429636.png, C:\\Users\\Home\\git\\Katalon\\Reports\\20240422_112626\\Scrolling ticker\\20240422_112627\\1713774434064.png, C:\\Users\\Home\\git\\Katalon\\Reports\\20240422_112626\\Scrolling ticker\\20240422_112627\\1713774471903.png, C:\\Users\\Home\\git\\Katalon\\Reports\\20240422_112626\\Scrolling ticker\\20240422_112627\\1713774489815.png, C:\\Users\\Home\\git\\Katalon\\Reports\\20240422_112626\\Scrolling ticker\\20240422_112627\\1713774577104.png, C:\\Users\\Home\\git\\Katalon\\Reports\\20240422_112626\\Scrolling ticker\\20240422_112627\\1713774626546.png"/>
         <property name="hostName" value="Home - LAPTOP-E6BU4LL9.Dlink"/>
         <property name="os" value="Windows 11 64bit"/>
         <property name="katalonVersion" value="9.3.1.212"/>
         <property name="browser" value="Chrome 123.0.0.0"/>
         <property name="hostAddress" value="192.168.1.101"/>
         <property name="sessionId" value="3238b588eb48305f545f812f2693b0fc"/>
         <property name="seleniumVersion" value="3.141.59"/>
         <property name="proxyInformation" value="ProxyInformation { proxyOption=NO_PROXY, proxyServerType=HTTP, username=, password=********, proxyServerAddress=, proxyServerPort=0, executionList=&quot;&quot;, isApplyToDesiredCapabilities=true }"/>
         <property name="platform" value="Windows 11"/>
      </properties>
      <testcase name="Test Cases/Login Test Cases/Login with Valid Credentials" time="13.093" classname="Test Cases/Login Test Cases/Login with Valid Credentials" status="PASSED">
         <system-out><![CDATA[22-04-2024T11:26:32 - [TEST_CASE][PASSED] - Test Cases/Login Test Cases/Login with Valid Credentials: Test Cases/Login Test Cases/Login with Valid Credentials

22-04-2024T11:26:32 - [TEST_STEP][PASSED] - openBrowser(""): Browser is opened with url: ''

22-04-2024T11:26:33 - [MESSAGE][INFO] - Starting 'Chrome' driver

22-04-2024T11:26:33 - [MESSAGE][INFO] - Action delay is set to 0 milliseconds

22-04-2024T11:26:34 - [MESSAGE][PASSED] - Browser is opened with url: ''

22-04-2024T11:26:34 - [TEST_STEP][PASSED] - navigateToUrl("https://dadebug.commclouds.com/Demo"): Navigate to 'https://dadebug.commclouds.com/Demo' successfully

22-04-2024T11:26:36 - [MESSAGE][PASSED] - Navigate to 'https://dadebug.commclouds.com/Demo' successfully

22-04-2024T11:26:36 - [TEST_STEP][PASSED] - waitForPageLoad(3): Wait for page load successfully

22-04-2024T11:26:36 - [MESSAGE][PASSED] - Wait for page load successfully

22-04-2024T11:26:36 - [TEST_STEP][PASSED] - maximizeWindow(): Current window maximized

22-04-2024T11:26:36 - [MESSAGE][PASSED] - Current window maximized

22-04-2024T11:26:36 - [TEST_STEP][PASSED] - verifyElementPresent(findTestObject("Login Page/DAlogo"), 2): Object 'Object Repository/Login Page/DAlogo' is present

22-04-2024T11:26:37 - [MESSAGE][PASSED] - Object 'Object Repository/Login Page/DAlogo' is present

22-04-2024T11:26:37 - [TEST_STEP][PASSED] - verifyElementPresent(findTestObject("Login Page/Version number"), 2): Object 'Object Repository/Login Page/Version number' is present

22-04-2024T11:26:38 - [MESSAGE][PASSED] - Object 'Object Repository/Login Page/Version number' is present

22-04-2024T11:26:38 - [TEST_STEP][NOT_RUN] - verifyElementText(findTestObject("Login Page/Version number"), "Version: 11.4.0.2 (stage/11)"): NOT_RUN: verifyElementText(findTestObject("Login Page/Version number"), "Version: 11.4.0.2 (stage/11)")

22-04-2024T11:26:38 - [MESSAGE][NOT_RUN] - NOT_RUN: verifyElementText(findTestObject("Login Page/Version number"), "Version: 11.4.0.2 (stage/11)")

22-04-2024T11:26:38 - [TEST_STEP][PASSED] - setText(findTestObject("Object Repository/Login Page/Login input field"), "Zoya"): Text 'Zoya' is set on object 'Object Repository/Login Page/Login input field'

22-04-2024T11:26:38 - [MESSAGE][PASSED] - Text 'Zoya' is set on object 'Object Repository/Login Page/Login input field'

22-04-2024T11:26:38 - [TEST_STEP][PASSED] - setEncryptedText(findTestObject("Object Repository/Login Page/Password input field"), "tzH6RvlfSTg="): Text ****** has been set on object 'Object Repository/Login Page/Password input field'

22-04-2024T11:26:38 - [MESSAGE][PASSED] - Text ****** has been set on object 'Object Repository/Login Page/Password input field'

22-04-2024T11:26:38 - [TEST_STEP][PASSED] - click(findTestObject("Object Repository/Login Page/button_Log in")): Object: 'Object Repository/Login Page/button_Log in' is clicked on

22-04-2024T11:26:39 - [MESSAGE][PASSED] - Object: 'Object Repository/Login Page/button_Log in' is clicked on

22-04-2024T11:26:39 - [TEST_STEP][PASSED] - delay(4): Delayed 4 second(s)

22-04-2024T11:26:43 - [MESSAGE][PASSED] - Delayed 4 second(s)

22-04-2024T11:26:43 - [TEST_STEP][PASSED] - verifyElementPresent(findTestObject("Object Repository/Login Page/h1_Dashboard"), 4): Object 'Object Repository/Login Page/h1_Dashboard' is present

22-04-2024T11:26:43 - [MESSAGE][PASSED] - Object 'Object Repository/Login Page/h1_Dashboard' is present]]></system-out>
         <system-err><![CDATA[]]></system-err>
      </testcase>
      <testcase name="Test Cases/Ticker/Send Ticker (TC-7)" time="46.301" classname="Test Cases/Ticker/Send Ticker (TC-7)" status="PASSED">
         <system-out><![CDATA[22-04-2024T11:26:45 - [TEST_CASE][PASSED] - Test Cases/Ticker/Send Ticker (TC-7): Test Cases/Ticker/Send Ticker (TC-7)

22-04-2024T11:26:45 - [TEST_STEP][PASSED] - click(findTestObject("Dashboard Page/Compose alert button expansion")): Object: 'Object Repository/Dashboard Page/Compose alert button expansion' is clicked on

22-04-2024T11:26:46 - [MESSAGE][PASSED] - Object: 'Object Repository/Dashboard Page/Compose alert button expansion' is clicked on

22-04-2024T11:26:46 - [TEST_STEP][PASSED] - click(findTestObject("Dashboard Page/Scrolling tickers")): Object: 'Object Repository/Dashboard Page/Scrolling tickers' is clicked on

22-04-2024T11:26:46 - [MESSAGE][PASSED] - Object: 'Object Repository/Dashboard Page/Scrolling tickers' is clicked on

22-04-2024T11:26:46 - [TEST_STEP][PASSED] - verifyElementText(findTestObject("Create Scrolling ticker/Create Scrolling ticker header"), "Create Scrolling Ticker"): Actual text and expected text of test object 'Object Repository/Create Scrolling ticker/Create Scrolling ticker header' are matched.

22-04-2024T11:26:48 - [MESSAGE][PASSED] - Actual text and expected text of test object 'Object Repository/Create Scrolling ticker/Create Scrolling ticker header' are matched.

22-04-2024T11:26:48 - [TEST_STEP][PASSED] - waitForPageLoad(1): Wait for page load successfully

22-04-2024T11:26:48 - [MESSAGE][PASSED] - Wait for page load successfully

22-04-2024T11:26:48 - [TEST_STEP][PASSED] - click(findTestObject("Create Pop-up Alert Page/More button")): Object: 'Object Repository/Create Pop-up Alert Page/More button' is clicked on

22-04-2024T11:26:48 - [MESSAGE][PASSED] - Object: 'Object Repository/Create Pop-up Alert Page/More button' is clicked on

22-04-2024T11:26:48 - [TEST_STEP][PASSED] - callTestCase(findTestCase("Built-in test cases/Choose recipients"), [:], STOP_ON_FAILURE): Call Test Case 'Test Cases/Built-in test cases/Choose recipients' successfully

22-04-2024T11:26:48 - [TEST_CASE][PASSED] - Test Cases/Built-in test cases/Choose recipients: Test Cases/Built-in test cases/Choose recipients

22-04-2024T11:26:48 - [TEST_STEP][PASSED] - click(findTestObject("Create Pop-up Alert Page/Choose recipients modal window/Filter field")): Object: 'Object Repository/Create Pop-up Alert Page/Choose recipients modal window/Filter field' is clicked on

22-04-2024T11:26:49 - [MESSAGE][PASSED] - Object: 'Object Repository/Create Pop-up Alert Page/Choose recipients modal window/Filter field' is clicked on

22-04-2024T11:26:49 - [TEST_STEP][PASSED] - setText(findTestObject("Create Pop-up Alert Page/Choose recipients modal window/Filter field"), "LAPTOP-E6BU4LL9"): Text 'LAPTOP-E6BU4LL9' is set on object 'Object Repository/Create Pop-up Alert Page/Choose recipients modal window/Filter field'

22-04-2024T11:26:50 - [MESSAGE][PASSED] - Text 'LAPTOP-E6BU4LL9' is set on object 'Object Repository/Create Pop-up Alert Page/Choose recipients modal window/Filter field'

22-04-2024T11:26:50 - [TEST_STEP][PASSED] - verifyElementText(findTestObject("Create Pop-up Alert Page/Choose recipients modal window/All user list-filtered"), "LAPTOP-E6BU4LL9 "): Actual text and expected text of test object 'Object Repository/Create Pop-up Alert Page/Choose recipients modal window/All user list-filtered' are matched.

22-04-2024T11:26:51 - [MESSAGE][PASSED] - Actual text and expected text of test object 'Object Repository/Create Pop-up Alert Page/Choose recipients modal window/All user list-filtered' are matched.

22-04-2024T11:26:51 - [TEST_STEP][PASSED] - click(findTestObject("Create Pop-up Alert Page/Choose recipients modal window/filtered user selection")): Object: 'Object Repository/Create Pop-up Alert Page/Choose recipients modal window/filtered user selection' is clicked on

22-04-2024T11:26:52 - [MESSAGE][PASSED] - Object: 'Object Repository/Create Pop-up Alert Page/Choose recipients modal window/filtered user selection' is clicked on

22-04-2024T11:26:52 - [TEST_STEP][PASSED] - click(findTestObject("Create Pop-up Alert Page/Choose recipients modal window/Filter field")): Object: 'Object Repository/Create Pop-up Alert Page/Choose recipients modal window/Filter field' is clicked on

22-04-2024T11:26:52 - [MESSAGE][PASSED] - Object: 'Object Repository/Create Pop-up Alert Page/Choose recipients modal window/Filter field' is clicked on

22-04-2024T11:26:52 - [TEST_STEP][PASSED] - sendKeys(findTestObject("Create Pop-up Alert Page/Choose recipients modal window/Filter field"), Keys.chord(CONTROL, "a", BACK_SPACE)): Keys 'CONTROL + BACK_SPACE + a' sent to object: 'Object Repository/Create Pop-up Alert Page/Choose recipients modal window/Filter field'

22-04-2024T11:26:53 - [MESSAGE][PASSED] - Keys 'CONTROL + BACK_SPACE + a' sent to object: 'Object Repository/Create Pop-up Alert Page/Choose recipients modal window/Filter field'

22-04-2024T11:26:53 - [TEST_STEP][PASSED] - setText(findTestObject("Create Pop-up Alert Page/Choose recipients modal window/Filter field"), "DESKTOP-9UH6GK7"): Text 'DESKTOP-9UH6GK7' is set on object 'Object Repository/Create Pop-up Alert Page/Choose recipients modal window/Filter field'

22-04-2024T11:26:53 - [MESSAGE][PASSED] - Text 'DESKTOP-9UH6GK7' is set on object 'Object Repository/Create Pop-up Alert Page/Choose recipients modal window/Filter field'

22-04-2024T11:26:53 - [TEST_STEP][PASSED] - verifyElementText(findTestObject("Create Pop-up Alert Page/Choose recipients modal window/All user list-filtered"), "DESKTOP-9UH6GK7 "): Actual text and expected text of test object 'Object Repository/Create Pop-up Alert Page/Choose recipients modal window/All user list-filtered' are matched.

22-04-2024T11:26:55 - [MESSAGE][PASSED] - Actual text and expected text of test object 'Object Repository/Create Pop-up Alert Page/Choose recipients modal window/All user list-filtered' are matched.

22-04-2024T11:26:55 - [TEST_STEP][PASSED] - click(findTestObject("Create Pop-up Alert Page/Choose recipients modal window/filtered user selection")): Object: 'Object Repository/Create Pop-up Alert Page/Choose recipients modal window/filtered user selection' is clicked on

22-04-2024T11:26:55 - [MESSAGE][PASSED] - Object: 'Object Repository/Create Pop-up Alert Page/Choose recipients modal window/filtered user selection' is clicked on

22-04-2024T11:26:55 - [TEST_STEP][PASSED] - click(findTestObject("Wallpapers/Done")): Object: 'Object Repository/Wallpapers/Done' is clicked on

22-04-2024T11:26:56 - [MESSAGE][PASSED] - Object: 'Object Repository/Wallpapers/Done' is clicked on

22-04-2024T11:26:56 - [MESSAGE][PASSED] - Call Test Case 'Test Cases/Built-in test cases/Choose recipients' successfully

22-04-2024T11:26:56 - [TEST_STEP][PASSED] - setText(findTestObject("Create Pop-up Alert Page/Alert Title field"), "TC-7"): Text 'TC-7' is set on object 'Object Repository/Create Pop-up Alert Page/Alert Title field'

22-04-2024T11:26:57 - [MESSAGE][PASSED] - Text 'TC-7' is set on object 'Object Repository/Create Pop-up Alert Page/Alert Title field'

22-04-2024T11:26:57 - [TEST_STEP][PASSED] - switchToFrame(findTestObject("Create Pop-up Alert Page/Alert body iframe"), 2): null

22-04-2024T11:26:57 - [TEST_STEP][PASSED] - setMaskedText(findTestObject("Create Pop-up Alert Page/Alert body"),***********************************************): Text '********************************************' is set on object 'Object Repository/Create Pop-up Alert Page/Alert body'

22-04-2024T11:26:58 - [MESSAGE][PASSED] - Text '********************************************' is set on object 'Object Repository/Create Pop-up Alert Page/Alert body'

22-04-2024T11:26:58 - [TEST_STEP][PASSED] - switchToDefaultContent(): null

22-04-2024T11:26:58 - [TEST_STEP][PASSED] - click(findTestObject("Create Pop-up Alert Page/Send button")): Object: 'Object Repository/Create Pop-up Alert Page/Send button' is clicked on

22-04-2024T11:26:59 - [MESSAGE][PASSED] - Object: 'Object Repository/Create Pop-up Alert Page/Send button' is clicked on

22-04-2024T11:26:59 - [TEST_STEP][PASSED] - waitForPageLoad(2): Wait for page load successfully

22-04-2024T11:26:59 - [MESSAGE][PASSED] - Wait for page load successfully

22-04-2024T11:26:59 - [TEST_STEP][PASSED] - setText(findTestObject("Pop-up Alerts page/Search by title field"), "TC-7"): Text 'TC-7' is set on object 'Object Repository/Pop-up Alerts page/Search by title field'

22-04-2024T11:27:01 - [MESSAGE][PASSED] - Text 'TC-7' is set on object 'Object Repository/Pop-up Alerts page/Search by title field'

22-04-2024T11:27:01 - [TEST_STEP][PASSED] - verifyElementText(findTestObject("Pop-up Alerts page/Filtered sent alert"), "TC-7"): Actual text and expected text of test object 'Object Repository/Pop-up Alerts page/Filtered sent alert' are matched.

22-04-2024T11:27:02 - [MESSAGE][PASSED] - Actual text and expected text of test object 'Object Repository/Pop-up Alerts page/Filtered sent alert' are matched.

22-04-2024T11:27:02 - [TEST_STEP][PASSED] - callTestCase(findTestCase("Built-in test cases/Action menu check ticker"), [:], STOP_ON_FAILURE): Call Test Case 'Test Cases/Built-in test cases/Action menu check ticker' successfully

22-04-2024T11:27:02 - [TEST_CASE][PASSED] - Test Cases/Built-in test cases/Action menu check ticker: Test Cases/Built-in test cases/Action menu check ticker

22-04-2024T11:27:02 - [TEST_STEP][PASSED] - click(findTestObject("Survey/3dots Actions")): Object: 'Object Repository/Survey/3dots Actions' is clicked on

22-04-2024T11:27:03 - [MESSAGE][PASSED] - Object: 'Object Repository/Survey/3dots Actions' is clicked on

22-04-2024T11:27:03 - [TEST_STEP][PASSED] - click(findTestObject("Pop-up Alerts page/Stop-Start alert")): Object: 'Object Repository/Pop-up Alerts page/Stop-Start alert' is clicked on

22-04-2024T11:27:04 - [MESSAGE][PASSED] - Object: 'Object Repository/Pop-up Alerts page/Stop-Start alert' is clicked on

22-04-2024T11:27:04 - [TEST_STEP][PASSED] - verifyElementPresent(findTestObject("Pop-up Alerts page/Stopped status"), 2): Object 'Object Repository/Pop-up Alerts page/Stopped status' is present

22-04-2024T11:27:05 - [MESSAGE][PASSED] - Object 'Object Repository/Pop-up Alerts page/Stopped status' is present

22-04-2024T11:27:05 - [TEST_STEP][PASSED] - click(findTestObject("Survey/3dots Actions")): Object: 'Object Repository/Survey/3dots Actions' is clicked on

22-04-2024T11:27:06 - [MESSAGE][PASSED] - Object: 'Object Repository/Survey/3dots Actions' is clicked on

22-04-2024T11:27:06 - [TEST_STEP][PASSED] - click(findTestObject("Pop-up Alerts page/Stop-Start alert")): Object: 'Object Repository/Pop-up Alerts page/Stop-Start alert' is clicked on

22-04-2024T11:27:07 - [MESSAGE][PASSED] - Object: 'Object Repository/Pop-up Alerts page/Stop-Start alert' is clicked on

22-04-2024T11:27:07 - [TEST_STEP][PASSED] - verifyElementPresent(findTestObject("Pop-up Alerts page/Disributing status"), 2): Object 'Object Repository/Pop-up Alerts page/Disributing status' is present

22-04-2024T11:27:08 - [MESSAGE][PASSED] - Object 'Object Repository/Pop-up Alerts page/Disributing status' is present

22-04-2024T11:27:08 - [TEST_STEP][PASSED] - click(findTestObject("Survey/3dots Actions")): Object: 'Object Repository/Survey/3dots Actions' is clicked on

22-04-2024T11:27:09 - [MESSAGE][PASSED] - Object: 'Object Repository/Survey/3dots Actions' is clicked on

22-04-2024T11:27:09 - [TEST_STEP][PASSED] - click(findTestObject("Pop-up Alerts page/View graph")): Object: 'Object Repository/Pop-up Alerts page/View graph' is clicked on

22-04-2024T11:27:09 - [MESSAGE][PASSED] - Object: 'Object Repository/Pop-up Alerts page/View graph' is clicked on

22-04-2024T11:27:09 - [TEST_STEP][PASSED] - takeElementScreenshot(findTestObject("Pop-up Alerts page/View graph image")): Taking screenshot successfully

22-04-2024T11:27:09 - [MESSAGE][WARNING] - Timeout '0' is invalid. Using default page load timeout: '30'

22-04-2024T11:27:11 - [MESSAGE][INFO] - 0 hidden object(s)

22-04-2024T11:27:11 - [MESSAGE][PASSED] - Taking screenshot successfully
[[ATTACHMENT|C:\\Users\\Home\\git\\Katalon\\Reports\\20240422_112626\\Scrolling ticker\\20240422_112627\\1713774429636.png]]

22-04-2024T11:27:11 - [TEST_STEP][PASSED] - click(findTestObject("Pop-up Alerts page/view graph close btn")): Object: 'Object Repository/Pop-up Alerts page/view graph close btn' is clicked on

22-04-2024T11:27:11 - [MESSAGE][PASSED] - Object: 'Object Repository/Pop-up Alerts page/view graph close btn' is clicked on

22-04-2024T11:27:11 - [TEST_STEP][PASSED] - click(findTestObject("Survey/3dots Actions")): Object: 'Object Repository/Survey/3dots Actions' is clicked on

22-04-2024T11:27:12 - [MESSAGE][PASSED] - Object: 'Object Repository/Survey/3dots Actions' is clicked on

22-04-2024T11:27:12 - [TEST_STEP][PASSED] - click(findTestObject("Pop-up Alerts page/Preview in actions menu")): Object: 'Object Repository/Pop-up Alerts page/Preview in actions menu' is clicked on

22-04-2024T11:27:12 - [MESSAGE][PASSED] - Object: 'Object Repository/Pop-up Alerts page/Preview in actions menu' is clicked on

22-04-2024T11:27:12 - [TEST_STEP][PASSED] - switchToFrame(findTestObject("Create Scrolling ticker/Preview ticker frame"), 2): null

22-04-2024T11:27:14 - [TEST_STEP][PASSED] - takeFullPageScreenshot([]): Taking screenshot successfully

22-04-2024T11:27:14 - [MESSAGE][INFO] - 0 hidden object(s)

22-04-2024T11:27:14 - [MESSAGE][INFO] - 0 hidden object(s)

22-04-2024T11:27:14 - [MESSAGE][PASSED] - Taking screenshot successfully
[[ATTACHMENT|C:\\Users\\Home\\git\\Katalon\\Reports\\20240422_112626\\Scrolling ticker\\20240422_112627\\1713774434064.png]]

22-04-2024T11:27:14 - [TEST_STEP][PASSED] - click(findTestObject("Create Scrolling ticker/Close ticker preview")): Object: 'Object Repository/Create Scrolling ticker/Close ticker preview' is clicked on

22-04-2024T11:27:14 - [MESSAGE][PASSED] - Object: 'Object Repository/Create Scrolling ticker/Close ticker preview' is clicked on

22-04-2024T11:27:14 - [TEST_STEP][PASSED] - switchToDefaultContent(): null

22-04-2024T11:27:14 - [TEST_STEP][PASSED] - click(findTestObject("Survey/3dots Actions")): Object: 'Object Repository/Survey/3dots Actions' is clicked on

22-04-2024T11:27:15 - [MESSAGE][PASSED] - Object: 'Object Repository/Survey/3dots Actions' is clicked on

22-04-2024T11:27:15 - [TEST_STEP][PASSED] - click(findTestObject("Pop-up Alerts page/Duplicate alert")): Object: 'Object Repository/Pop-up Alerts page/Duplicate alert' is clicked on

22-04-2024T11:27:16 - [MESSAGE][PASSED] - Object: 'Object Repository/Pop-up Alerts page/Duplicate alert' is clicked on

22-04-2024T11:27:16 - [MESSAGE][PASSED] - Call Test Case 'Test Cases/Built-in test cases/Action menu check ticker' successfully

22-04-2024T11:27:16 - [TEST_STEP][PASSED] - sendKeys(findTestObject("Create Pop-up Alert Page/Alert Title field"), Keys.chord(CONTROL, "a", BACK_SPACE)): Keys 'CONTROL + BACK_SPACE + a' sent to object: 'Object Repository/Create Pop-up Alert Page/Alert Title field'

22-04-2024T11:27:16 - [MESSAGE][PASSED] - Keys 'CONTROL + BACK_SPACE + a' sent to object: 'Object Repository/Create Pop-up Alert Page/Alert Title field'

22-04-2024T11:27:16 - [TEST_STEP][PASSED] - setText(findTestObject("Create Pop-up Alert Page/Alert Title field"), "Duplicate ticker"): Text 'Duplicate ticker' is set on object 'Object Repository/Create Pop-up Alert Page/Alert Title field'

22-04-2024T11:27:17 - [MESSAGE][PASSED] - Text 'Duplicate ticker' is set on object 'Object Repository/Create Pop-up Alert Page/Alert Title field'

22-04-2024T11:27:17 - [TEST_STEP][PASSED] - click(findTestObject("Create Pop-up Alert Page/Send button")): Object: 'Object Repository/Create Pop-up Alert Page/Send button' is clicked on

22-04-2024T11:27:18 - [MESSAGE][PASSED] - Object: 'Object Repository/Create Pop-up Alert Page/Send button' is clicked on

22-04-2024T11:27:18 - [TEST_STEP][PASSED] - waitForPageLoad(5): Wait for page load successfully

22-04-2024T11:27:18 - [MESSAGE][PASSED] - Wait for page load successfully

22-04-2024T11:27:18 - [TEST_STEP][PASSED] - setText(findTestObject("Pop-up Alerts page/Search by title field"), "TC-7"): Text 'TC-7' is set on object 'Object Repository/Pop-up Alerts page/Search by title field'

22-04-2024T11:27:19 - [MESSAGE][PASSED] - Text 'TC-7' is set on object 'Object Repository/Pop-up Alerts page/Search by title field'

22-04-2024T11:27:19 - [TEST_STEP][PASSED] - waitForPageLoad(5): Wait for page load successfully

22-04-2024T11:27:19 - [MESSAGE][PASSED] - Wait for page load successfully

22-04-2024T11:27:19 - [TEST_STEP][PASSED] - waitForElementClickable(findTestObject("Survey/3dots Actions"), 2): Object 'Object Repository/Survey/3dots Actions' is clickable

22-04-2024T11:27:20 - [MESSAGE][PASSED] - Object 'Object Repository/Survey/3dots Actions' is clickable

22-04-2024T11:27:20 - [TEST_STEP][PASSED] - click(findTestObject("Survey/3dots Actions")): Object: 'Object Repository/Survey/3dots Actions' is clicked on

22-04-2024T11:27:21 - [MESSAGE][PASSED] - Object: 'Object Repository/Survey/3dots Actions' is clicked on

22-04-2024T11:27:21 - [TEST_STEP][PASSED] - waitForElementClickable(findTestObject("Pop-up Alerts page/resend alert from actions menu"), 2): Object 'Object Repository/Pop-up Alerts page/resend alert from actions menu' is clickable

22-04-2024T11:27:21 - [MESSAGE][PASSED] - Object 'Object Repository/Pop-up Alerts page/resend alert from actions menu' is clickable

22-04-2024T11:27:21 - [TEST_STEP][PASSED] - click(findTestObject("Pop-up Alerts page/resend alert from actions menu")): Object: 'Object Repository/Pop-up Alerts page/resend alert from actions menu' is clicked on

22-04-2024T11:27:22 - [MESSAGE][PASSED] - Object: 'Object Repository/Pop-up Alerts page/resend alert from actions menu' is clicked on

22-04-2024T11:27:22 - [TEST_STEP][PASSED] - click(findTestObject("Pop-up Alerts page/Resend btn")): Object: 'Object Repository/Pop-up Alerts page/Resend btn' is clicked on

22-04-2024T11:27:22 - [MESSAGE][PASSED] - Object: 'Object Repository/Pop-up Alerts page/Resend btn' is clicked on

22-04-2024T11:27:22 - [TEST_STEP][PASSED] - sendKeys(findTestObject("Pop-up Alerts page/Search by title field"), Keys.chord(CONTROL, "a", BACK_SPACE)): Keys 'CONTROL + BACK_SPACE + a' sent to object: 'Object Repository/Pop-up Alerts page/Search by title field'

22-04-2024T11:27:24 - [MESSAGE][PASSED] - Keys 'CONTROL + BACK_SPACE + a' sent to object: 'Object Repository/Pop-up Alerts page/Search by title field'

22-04-2024T11:27:24 - [TEST_STEP][PASSED] - setText(findTestObject("Pop-up Alerts page/Search by title field"), "TC-7"): Text 'TC-7' is set on object 'Object Repository/Pop-up Alerts page/Search by title field'

22-04-2024T11:27:26 - [MESSAGE][PASSED] - Text 'TC-7' is set on object 'Object Repository/Pop-up Alerts page/Search by title field'

22-04-2024T11:27:26 - [TEST_STEP][PASSED] - verifyElementClickable(findTestObject("Pop-up Alerts page/Select all checkbox")): Object 'Object Repository/Pop-up Alerts page/Select all checkbox' is clickable

22-04-2024T11:27:26 - [MESSAGE][PASSED] - Object 'Object Repository/Pop-up Alerts page/Select all checkbox' is clickable

22-04-2024T11:27:26 - [TEST_STEP][PASSED] - check(findTestObject("Pop-up Alerts page/Select all checkbox")): Object 'Object Repository/Pop-up Alerts page/Select all checkbox' is checked

22-04-2024T11:27:27 - [MESSAGE][PASSED] - Object 'Object Repository/Pop-up Alerts page/Select all checkbox' is checked

22-04-2024T11:27:27 - [TEST_STEP][PASSED] - verifyElementChecked(findTestObject("Pop-up Alerts page/Select all checkbox"), 1): Object 'Object Repository/Pop-up Alerts page/Select all checkbox' is checked

22-04-2024T11:27:28 - [MESSAGE][PASSED] - Object 'Object Repository/Pop-up Alerts page/Select all checkbox' is checked

22-04-2024T11:27:28 - [TEST_STEP][PASSED] - click(findTestObject("Pop-up Alerts page/delete all")): Object: 'Object Repository/Pop-up Alerts page/delete all' is clicked on

22-04-2024T11:27:28 - [MESSAGE][PASSED] - Object: 'Object Repository/Pop-up Alerts page/delete all' is clicked on

22-04-2024T11:27:28 - [TEST_STEP][PASSED] - click(findTestObject("Pop-up Alerts page/Confirm deletion btn")): Object: 'Object Repository/Pop-up Alerts page/Confirm deletion btn' is clicked on

22-04-2024T11:27:29 - [MESSAGE][PASSED] - Object: 'Object Repository/Pop-up Alerts page/Confirm deletion btn' is clicked on]]></system-out>
         <system-err><![CDATA[]]></system-err>
      </testcase>
      <testcase name="Test Cases/Ticker/Draft ticker (TC-8)" time="24.978" classname="Test Cases/Ticker/Draft ticker (TC-8)" status="PASSED">
         <system-out><![CDATA[22-04-2024T11:27:31 - [TEST_CASE][PASSED] - Test Cases/Ticker/Draft ticker (TC-8): Test Cases/Ticker/Draft ticker (TC-8)

22-04-2024T11:27:32 - [TEST_STEP][PASSED] - click(findTestObject("Pop-up Alerts page/New alert button")): Object: 'Object Repository/Pop-up Alerts page/New alert button' is clicked on

22-04-2024T11:27:32 - [MESSAGE][PASSED] - Object: 'Object Repository/Pop-up Alerts page/New alert button' is clicked on

22-04-2024T11:27:32 - [TEST_STEP][PASSED] - verifyElementText(findTestObject("Create Scrolling ticker/Create Scrolling ticker header"), "Create Scrolling Ticker"): Actual text and expected text of test object 'Object Repository/Create Scrolling ticker/Create Scrolling ticker header' are matched.

22-04-2024T11:27:33 - [MESSAGE][PASSED] - Actual text and expected text of test object 'Object Repository/Create Scrolling ticker/Create Scrolling ticker header' are matched.

22-04-2024T11:27:33 - [TEST_STEP][PASSED] - waitForPageLoad(1): Wait for page load successfully

22-04-2024T11:27:33 - [MESSAGE][PASSED] - Wait for page load successfully

22-04-2024T11:27:33 - [TEST_STEP][PASSED] - click(findTestObject("Create Pop-up Alert Page/More button")): Object: 'Object Repository/Create Pop-up Alert Page/More button' is clicked on

22-04-2024T11:27:33 - [MESSAGE][PASSED] - Object: 'Object Repository/Create Pop-up Alert Page/More button' is clicked on

22-04-2024T11:27:33 - [TEST_STEP][PASSED] - callTestCase(findTestCase("Built-in test cases/Choose recipients"), [:], STOP_ON_FAILURE): Call Test Case 'Test Cases/Built-in test cases/Choose recipients' successfully

22-04-2024T11:27:33 - [TEST_CASE][PASSED] - Test Cases/Built-in test cases/Choose recipients: Test Cases/Built-in test cases/Choose recipients

22-04-2024T11:27:33 - [TEST_STEP][PASSED] - click(findTestObject("Create Pop-up Alert Page/Choose recipients modal window/Filter field")): Object: 'Object Repository/Create Pop-up Alert Page/Choose recipients modal window/Filter field' is clicked on

22-04-2024T11:27:33 - [MESSAGE][PASSED] - Object: 'Object Repository/Create Pop-up Alert Page/Choose recipients modal window/Filter field' is clicked on

22-04-2024T11:27:33 - [TEST_STEP][PASSED] - setText(findTestObject("Create Pop-up Alert Page/Choose recipients modal window/Filter field"), "LAPTOP-E6BU4LL9"): Text 'LAPTOP-E6BU4LL9' is set on object 'Object Repository/Create Pop-up Alert Page/Choose recipients modal window/Filter field'

22-04-2024T11:27:35 - [MESSAGE][PASSED] - Text 'LAPTOP-E6BU4LL9' is set on object 'Object Repository/Create Pop-up Alert Page/Choose recipients modal window/Filter field'

22-04-2024T11:27:35 - [TEST_STEP][PASSED] - verifyElementText(findTestObject("Create Pop-up Alert Page/Choose recipients modal window/All user list-filtered"), "LAPTOP-E6BU4LL9 "): Actual text and expected text of test object 'Object Repository/Create Pop-up Alert Page/Choose recipients modal window/All user list-filtered' are matched.

22-04-2024T11:27:36 - [MESSAGE][PASSED] - Actual text and expected text of test object 'Object Repository/Create Pop-up Alert Page/Choose recipients modal window/All user list-filtered' are matched.

22-04-2024T11:27:36 - [TEST_STEP][PASSED] - click(findTestObject("Create Pop-up Alert Page/Choose recipients modal window/filtered user selection")): Object: 'Object Repository/Create Pop-up Alert Page/Choose recipients modal window/filtered user selection' is clicked on

22-04-2024T11:27:37 - [MESSAGE][PASSED] - Object: 'Object Repository/Create Pop-up Alert Page/Choose recipients modal window/filtered user selection' is clicked on

22-04-2024T11:27:37 - [TEST_STEP][PASSED] - click(findTestObject("Create Pop-up Alert Page/Choose recipients modal window/Filter field")): Object: 'Object Repository/Create Pop-up Alert Page/Choose recipients modal window/Filter field' is clicked on

22-04-2024T11:27:37 - [MESSAGE][PASSED] - Object: 'Object Repository/Create Pop-up Alert Page/Choose recipients modal window/Filter field' is clicked on

22-04-2024T11:27:37 - [TEST_STEP][PASSED] - sendKeys(findTestObject("Create Pop-up Alert Page/Choose recipients modal window/Filter field"), Keys.chord(CONTROL, "a", BACK_SPACE)): Keys 'CONTROL + BACK_SPACE + a' sent to object: 'Object Repository/Create Pop-up Alert Page/Choose recipients modal window/Filter field'

22-04-2024T11:27:38 - [MESSAGE][PASSED] - Keys 'CONTROL + BACK_SPACE + a' sent to object: 'Object Repository/Create Pop-up Alert Page/Choose recipients modal window/Filter field'

22-04-2024T11:27:38 - [TEST_STEP][PASSED] - setText(findTestObject("Create Pop-up Alert Page/Choose recipients modal window/Filter field"), "DESKTOP-9UH6GK7"): Text 'DESKTOP-9UH6GK7' is set on object 'Object Repository/Create Pop-up Alert Page/Choose recipients modal window/Filter field'

22-04-2024T11:27:39 - [MESSAGE][PASSED] - Text 'DESKTOP-9UH6GK7' is set on object 'Object Repository/Create Pop-up Alert Page/Choose recipients modal window/Filter field'

22-04-2024T11:27:39 - [TEST_STEP][PASSED] - verifyElementText(findTestObject("Create Pop-up Alert Page/Choose recipients modal window/All user list-filtered"), "DESKTOP-9UH6GK7 "): Actual text and expected text of test object 'Object Repository/Create Pop-up Alert Page/Choose recipients modal window/All user list-filtered' are matched.

22-04-2024T11:27:40 - [MESSAGE][PASSED] - Actual text and expected text of test object 'Object Repository/Create Pop-up Alert Page/Choose recipients modal window/All user list-filtered' are matched.

22-04-2024T11:27:40 - [TEST_STEP][PASSED] - click(findTestObject("Create Pop-up Alert Page/Choose recipients modal window/filtered user selection")): Object: 'Object Repository/Create Pop-up Alert Page/Choose recipients modal window/filtered user selection' is clicked on

22-04-2024T11:27:41 - [MESSAGE][PASSED] - Object: 'Object Repository/Create Pop-up Alert Page/Choose recipients modal window/filtered user selection' is clicked on

22-04-2024T11:27:41 - [TEST_STEP][PASSED] - click(findTestObject("Wallpapers/Done")): Object: 'Object Repository/Wallpapers/Done' is clicked on

22-04-2024T11:27:41 - [MESSAGE][PASSED] - Object: 'Object Repository/Wallpapers/Done' is clicked on

22-04-2024T11:27:41 - [MESSAGE][PASSED] - Call Test Case 'Test Cases/Built-in test cases/Choose recipients' successfully

22-04-2024T11:27:41 - [TEST_STEP][NOT_RUN] - verifyElementPresent(findTestObject("Create Pop-up Alert Page/Choose recipients modal window/Choosen users filtered"), 2): NOT_RUN: verifyElementPresent(findTestObject("Create Pop-up Alert Page/Choose recipients modal window/Choosen users filtered"), 2)

22-04-2024T11:27:41 - [MESSAGE][NOT_RUN] - NOT_RUN: verifyElementPresent(findTestObject("Create Pop-up Alert Page/Choose recipients modal window/Choosen users filtered"), 2)

22-04-2024T11:27:41 - [TEST_STEP][PASSED] - setText(findTestObject("Create Pop-up Alert Page/Alert Title field"), "TC-8"): Text 'TC-8' is set on object 'Object Repository/Create Pop-up Alert Page/Alert Title field'

22-04-2024T11:27:42 - [MESSAGE][PASSED] - Text 'TC-8' is set on object 'Object Repository/Create Pop-up Alert Page/Alert Title field'

22-04-2024T11:27:42 - [TEST_STEP][PASSED] - switchToFrame(findTestObject("Create Pop-up Alert Page/Alert body iframe"), 2): null

22-04-2024T11:27:42 - [TEST_STEP][PASSED] - setMaskedText(findTestObject("Create Pop-up Alert Page/Alert body"),*****************************************************): Text '**************************************************' is set on object 'Object Repository/Create Pop-up Alert Page/Alert body'

22-04-2024T11:27:43 - [MESSAGE][PASSED] - Text '**************************************************' is set on object 'Object Repository/Create Pop-up Alert Page/Alert body'

22-04-2024T11:27:43 - [TEST_STEP][PASSED] - switchToDefaultContent(): null

22-04-2024T11:27:43 - [TEST_STEP][PASSED] - click(findTestObject("Create Pop-up Alert Page/Save Button")): Object: 'Object Repository/Create Pop-up Alert Page/Save Button' is clicked on

22-04-2024T11:27:44 - [MESSAGE][PASSED] - Object: 'Object Repository/Create Pop-up Alert Page/Save Button' is clicked on

22-04-2024T11:27:44 - [TEST_STEP][PASSED] - waitForPageLoad(2): Wait for page load successfully

22-04-2024T11:27:44 - [MESSAGE][PASSED] - Wait for page load successfully

22-04-2024T11:27:44 - [TEST_STEP][PASSED] - click(findTestObject("Pop-up Alerts page/Draft tab")): Object: 'Object Repository/Pop-up Alerts page/Draft tab' is clicked on

22-04-2024T11:27:45 - [MESSAGE][PASSED] - Object: 'Object Repository/Pop-up Alerts page/Draft tab' is clicked on

22-04-2024T11:27:45 - [TEST_STEP][PASSED] - setText(findTestObject("Pop-up Alerts page/Search by title field"), "TC-8"): Text 'TC-8' is set on object 'Object Repository/Pop-up Alerts page/Search by title field'

22-04-2024T11:27:46 - [MESSAGE][PASSED] - Text 'TC-8' is set on object 'Object Repository/Pop-up Alerts page/Search by title field'

22-04-2024T11:27:46 - [TEST_STEP][PASSED] - verifyElementText(findTestObject("Pop-up Alerts page/Filtered sent alert"), "TC-8"): Actual text and expected text of test object 'Object Repository/Pop-up Alerts page/Filtered sent alert' are matched.

22-04-2024T11:27:47 - [MESSAGE][PASSED] - Actual text and expected text of test object 'Object Repository/Pop-up Alerts page/Filtered sent alert' are matched.

22-04-2024T11:27:47 - [TEST_STEP][PASSED] - click(findTestObject("Survey/3dots Actions")): Object: 'Object Repository/Survey/3dots Actions' is clicked on

22-04-2024T11:27:48 - [MESSAGE][PASSED] - Object: 'Object Repository/Survey/3dots Actions' is clicked on

22-04-2024T11:27:48 - [TEST_STEP][PASSED] - click(findTestObject("Pop-up Alerts page/Preview Draft alert Actions")): Object: 'Object Repository/Pop-up Alerts page/Preview Draft alert Actions' is clicked on

22-04-2024T11:27:48 - [MESSAGE][PASSED] - Object: 'Object Repository/Pop-up Alerts page/Preview Draft alert Actions' is clicked on

22-04-2024T11:27:48 - [TEST_STEP][PASSED] - switchToFrame(findTestObject("Create Scrolling ticker/Preview ticker frame"), 2): null

22-04-2024T11:27:49 - [TEST_STEP][PASSED] - delay(2): Delayed 2 second(s)

22-04-2024T11:27:51 - [MESSAGE][PASSED] - Delayed 2 second(s)

22-04-2024T11:27:51 - [TEST_STEP][PASSED] - takeFullPageScreenshot([]): Taking screenshot successfully

22-04-2024T11:27:51 - [MESSAGE][INFO] - 0 hidden object(s)

22-04-2024T11:27:52 - [MESSAGE][INFO] - 0 hidden object(s)

22-04-2024T11:27:52 - [MESSAGE][PASSED] - Taking screenshot successfully
[[ATTACHMENT|C:\\Users\\Home\\git\\Katalon\\Reports\\20240422_112626\\Scrolling ticker\\20240422_112627\\1713774471903.png]]

22-04-2024T11:27:52 - [TEST_STEP][PASSED] - click(findTestObject("Create Scrolling ticker/Close ticker preview")): Object: 'Object Repository/Create Scrolling ticker/Close ticker preview' is clicked on

22-04-2024T11:27:52 - [MESSAGE][PASSED] - Object: 'Object Repository/Create Scrolling ticker/Close ticker preview' is clicked on

22-04-2024T11:27:52 - [TEST_STEP][PASSED] - switchToDefaultContent(): null

22-04-2024T11:27:52 - [TEST_STEP][PASSED] - click(findTestObject("Survey/3dots Actions")): Object: 'Object Repository/Survey/3dots Actions' is clicked on

22-04-2024T11:27:52 - [MESSAGE][PASSED] - Object: 'Object Repository/Survey/3dots Actions' is clicked on

22-04-2024T11:27:52 - [TEST_STEP][PASSED] - click(findTestObject("Pop-up Alerts page/Edit Draft alert Actions")): Object: 'Object Repository/Pop-up Alerts page/Edit Draft alert Actions' is clicked on

22-04-2024T11:27:53 - [MESSAGE][PASSED] - Object: 'Object Repository/Pop-up Alerts page/Edit Draft alert Actions' is clicked on

22-04-2024T11:27:53 - [TEST_STEP][PASSED] - verifyElementPresent(findTestObject("Create Scrolling ticker/Create Scrolling ticker header"), 2): Object 'Object Repository/Create Scrolling ticker/Create Scrolling ticker header' is present

22-04-2024T11:27:54 - [MESSAGE][PASSED] - Object 'Object Repository/Create Scrolling ticker/Create Scrolling ticker header' is present

22-04-2024T11:27:54 - [TEST_STEP][PASSED] - verifyElementText(findTestObject("Create Pop-up Alert Page/Create Pop-up Alert header"), "Create Scrolling Ticker"): Actual text and expected text of test object 'Object Repository/Create Pop-up Alert Page/Create Pop-up Alert header' are matched.

22-04-2024T11:27:54 - [MESSAGE][PASSED] - Actual text and expected text of test object 'Object Repository/Create Pop-up Alert Page/Create Pop-up Alert header' are matched.

22-04-2024T11:27:54 - [TEST_STEP][PASSED] - click(findTestObject("Create Pop-up Alert Page/Save Button")): Object: 'Object Repository/Create Pop-up Alert Page/Save Button' is clicked on

22-04-2024T11:27:54 - [MESSAGE][PASSED] - Object: 'Object Repository/Create Pop-up Alert Page/Save Button' is clicked on]]></system-out>
         <system-err><![CDATA[]]></system-err>
      </testcase>
      <testcase name="Test Cases/Ticker/Ticker template creation (TC-9)" time="34.827" classname="Test Cases/Ticker/Ticker template creation (TC-9)" status="PASSED">
         <system-out><![CDATA[22-04-2024T11:27:56 - [TEST_CASE][PASSED] - Test Cases/Ticker/Ticker template creation (TC-9): Test Cases/Ticker/Ticker template creation (TC-9)

22-04-2024T11:27:57 - [TEST_STEP][PASSED] - click(findTestObject("Pop-up Alerts page/Templates tab")): Object: 'Object Repository/Pop-up Alerts page/Templates tab' is clicked on

22-04-2024T11:27:57 - [MESSAGE][PASSED] - Object: 'Object Repository/Pop-up Alerts page/Templates tab' is clicked on

22-04-2024T11:27:57 - [TEST_STEP][PASSED] - click(findTestObject("Pop-up Alerts page/New Template button")): Object: 'Object Repository/Pop-up Alerts page/New Template button' is clicked on

22-04-2024T11:27:58 - [MESSAGE][PASSED] - Object: 'Object Repository/Pop-up Alerts page/New Template button' is clicked on

22-04-2024T11:27:58 - [TEST_STEP][PASSED] - setText(findTestObject("Create Template/Template title"), "TC-9"): Text 'TC-9' is set on object 'Object Repository/Create Template/Template title'

22-04-2024T11:27:59 - [MESSAGE][PASSED] - Text 'TC-9' is set on object 'Object Repository/Create Template/Template title'

22-04-2024T11:27:59 - [TEST_STEP][PASSED] - switchToFrame(findTestObject("Create Pop-up Alert Page/Alert body iframe"), 2): null

22-04-2024T11:27:59 - [TEST_STEP][PASSED] - TemplateBody = ""The News Tickers is a handy and easy tool for creating a creeping line(running text, ticker). This is perfect for news broadcasts, updates, and more projects that refer to current events. Use for any formats and themes of video: news, sports, advertising, video blog, and others. Special made for COVID-19 situation in the world. Color controls available. A video tutorial is also included in the download."": null

22-04-2024T11:27:59 - [TEST_STEP][PASSED] - setMaskedText(findTestObject("Create Pop-up Alert Page/Alert body"),*************): Text '************************************************************************************************************************************************************************************************************************************************************************************************************************************************************************************************************************' is set on object 'Object Repository/Create Pop-up Alert Page/Alert body'

22-04-2024T11:28:02 - [MESSAGE][PASSED] - Text '************************************************************************************************************************************************************************************************************************************************************************************************************************************************************************************************************************' is set on object 'Object Repository/Create Pop-up Alert Page/Alert body'

22-04-2024T11:28:02 - [TEST_STEP][PASSED] - switchToDefaultContent(): null

22-04-2024T11:28:02 - [TEST_STEP][PASSED] - click(findTestObject("Create Pop-up Alert Page/Save Button")): Object: 'Object Repository/Create Pop-up Alert Page/Save Button' is clicked on

22-04-2024T11:28:02 - [MESSAGE][PASSED] - Object: 'Object Repository/Create Pop-up Alert Page/Save Button' is clicked on

22-04-2024T11:28:02 - [TEST_STEP][PASSED] - click(findTestObject("Pop-up Alerts page/Templates tab")): Object: 'Object Repository/Pop-up Alerts page/Templates tab' is clicked on

22-04-2024T11:28:04 - [MESSAGE][PASSED] - Object: 'Object Repository/Pop-up Alerts page/Templates tab' is clicked on

22-04-2024T11:28:04 - [TEST_STEP][PASSED] - setText(findTestObject("Pop-up Alerts page/Search by title field"), "TC-9"): Text 'TC-9' is set on object 'Object Repository/Pop-up Alerts page/Search by title field'

22-04-2024T11:28:05 - [MESSAGE][PASSED] - Text 'TC-9' is set on object 'Object Repository/Pop-up Alerts page/Search by title field'

22-04-2024T11:28:05 - [TEST_STEP][PASSED] - delay(2): Delayed 2 second(s)

22-04-2024T11:28:07 - [MESSAGE][PASSED] - Delayed 2 second(s)

22-04-2024T11:28:07 - [TEST_STEP][PASSED] - verifyElementText(findTestObject("Pop-up Alerts page/Filtered Template"), "TC-9"): Actual text and expected text of test object 'Object Repository/Pop-up Alerts page/Filtered Template' are matched.

22-04-2024T11:28:07 - [MESSAGE][PASSED] - Actual text and expected text of test object 'Object Repository/Pop-up Alerts page/Filtered Template' are matched.

22-04-2024T11:28:07 - [TEST_STEP][PASSED] - click(findTestObject("Survey/3dots Actions")): Object: 'Object Repository/Survey/3dots Actions' is clicked on

22-04-2024T11:28:08 - [MESSAGE][PASSED] - Object: 'Object Repository/Survey/3dots Actions' is clicked on

22-04-2024T11:28:08 - [TEST_STEP][PASSED] - click(findTestObject("Templates Action menu/Preview Template Action")): Object: 'Object Repository/Templates Action menu/Preview Template Action' is clicked on

22-04-2024T11:28:08 - [MESSAGE][PASSED] - Object: 'Object Repository/Templates Action menu/Preview Template Action' is clicked on

22-04-2024T11:28:08 - [TEST_STEP][PASSED] - switchToFrame(findTestObject("Create Scrolling ticker/Preview ticker frame"), 2): null

22-04-2024T11:28:09 - [TEST_STEP][PASSED] - takeFullPageScreenshot([]): Taking screenshot successfully

22-04-2024T11:28:09 - [MESSAGE][INFO] - 0 hidden object(s)

22-04-2024T11:28:10 - [MESSAGE][INFO] - 0 hidden object(s)

22-04-2024T11:28:10 - [MESSAGE][PASSED] - Taking screenshot successfully
[[ATTACHMENT|C:\\Users\\Home\\git\\Katalon\\Reports\\20240422_112626\\Scrolling ticker\\20240422_112627\\1713774489815.png]]

22-04-2024T11:28:10 - [TEST_STEP][PASSED] - click(findTestObject("Create Scrolling ticker/Close ticker preview")): Object: 'Object Repository/Create Scrolling ticker/Close ticker preview' is clicked on

22-04-2024T11:28:10 - [MESSAGE][PASSED] - Object: 'Object Repository/Create Scrolling ticker/Close ticker preview' is clicked on

22-04-2024T11:28:10 - [TEST_STEP][PASSED] - switchToDefaultContent(): null

22-04-2024T11:28:10 - [TEST_STEP][PASSED] - click(findTestObject("Survey/3dots Actions")): Object: 'Object Repository/Survey/3dots Actions' is clicked on

22-04-2024T11:28:11 - [MESSAGE][PASSED] - Object: 'Object Repository/Survey/3dots Actions' is clicked on

22-04-2024T11:28:11 - [TEST_STEP][PASSED] - click(findTestObject("Templates Action menu/Edit Template Action")): Object: 'Object Repository/Templates Action menu/Edit Template Action' is clicked on

22-04-2024T11:28:11 - [MESSAGE][PASSED] - Object: 'Object Repository/Templates Action menu/Edit Template Action' is clicked on

22-04-2024T11:28:11 - [TEST_STEP][PASSED] - verifyElementPresent(findTestObject("Create Scrolling ticker/Create Scrolling ticker header"), 2): Object 'Object Repository/Create Scrolling ticker/Create Scrolling ticker header' is present

22-04-2024T11:28:12 - [MESSAGE][PASSED] - Object 'Object Repository/Create Scrolling ticker/Create Scrolling ticker header' is present

22-04-2024T11:28:12 - [TEST_STEP][PASSED] - verifyElementText(findTestObject("Create Pop-up Alert Page/Create Pop-up Alert header"), "Edit Template"): Actual text and expected text of test object 'Object Repository/Create Pop-up Alert Page/Create Pop-up Alert header' are matched.

22-04-2024T11:28:12 - [MESSAGE][PASSED] - Actual text and expected text of test object 'Object Repository/Create Pop-up Alert Page/Create Pop-up Alert header' are matched.

22-04-2024T11:28:12 - [TEST_STEP][PASSED] - click(findTestObject("Create Pop-up Alert Page/Save Button")): Object: 'Object Repository/Create Pop-up Alert Page/Save Button' is clicked on

22-04-2024T11:28:13 - [MESSAGE][PASSED] - Object: 'Object Repository/Create Pop-up Alert Page/Save Button' is clicked on

22-04-2024T11:28:13 - [TEST_STEP][PASSED] - click(findTestObject("Pop-up Alerts page/Templates tab")): Object: 'Object Repository/Pop-up Alerts page/Templates tab' is clicked on

22-04-2024T11:28:14 - [MESSAGE][PASSED] - Object: 'Object Repository/Pop-up Alerts page/Templates tab' is clicked on

22-04-2024T11:28:14 - [TEST_STEP][PASSED] - setText(findTestObject("Pop-up Alerts page/Search by title field"), "TC-9"): Text 'TC-9' is set on object 'Object Repository/Pop-up Alerts page/Search by title field'

22-04-2024T11:28:15 - [MESSAGE][PASSED] - Text 'TC-9' is set on object 'Object Repository/Pop-up Alerts page/Search by title field'

22-04-2024T11:28:15 - [TEST_STEP][PASSED] - delay(2): Delayed 2 second(s)

22-04-2024T11:28:17 - [MESSAGE][PASSED] - Delayed 2 second(s)

22-04-2024T11:28:17 - [TEST_STEP][PASSED] - verifyElementText(findTestObject("Pop-up Alerts page/Filtered Template"), "TC-9"): Actual text and expected text of test object 'Object Repository/Pop-up Alerts page/Filtered Template' are matched.

22-04-2024T11:28:18 - [MESSAGE][PASSED] - Actual text and expected text of test object 'Object Repository/Pop-up Alerts page/Filtered Template' are matched.

22-04-2024T11:28:18 - [TEST_STEP][PASSED] - click(findTestObject("Survey/3dots Actions")): Object: 'Object Repository/Survey/3dots Actions' is clicked on

22-04-2024T11:28:18 - [MESSAGE][PASSED] - Object: 'Object Repository/Survey/3dots Actions' is clicked on

22-04-2024T11:28:18 - [TEST_STEP][PASSED] - click(findTestObject("Templates Action menu/Create alert using this template")): Object: 'Object Repository/Templates Action menu/Create alert using this template' is clicked on

22-04-2024T11:28:19 - [MESSAGE][PASSED] - Object: 'Object Repository/Templates Action menu/Create alert using this template' is clicked on

22-04-2024T11:28:19 - [TEST_STEP][PASSED] - click(findTestObject("Create Pop-up Alert Page/More button")): Object: 'Object Repository/Create Pop-up Alert Page/More button' is clicked on

22-04-2024T11:28:19 - [MESSAGE][PASSED] - Object: 'Object Repository/Create Pop-up Alert Page/More button' is clicked on

22-04-2024T11:28:19 - [TEST_STEP][PASSED] - callTestCase(findTestCase("Built-in test cases/Choose recipients"), [:], STOP_ON_FAILURE): Call Test Case 'Test Cases/Built-in test cases/Choose recipients' successfully

22-04-2024T11:28:19 - [TEST_CASE][PASSED] - Test Cases/Built-in test cases/Choose recipients: Test Cases/Built-in test cases/Choose recipients

22-04-2024T11:28:19 - [TEST_STEP][PASSED] - click(findTestObject("Create Pop-up Alert Page/Choose recipients modal window/Filter field")): Object: 'Object Repository/Create Pop-up Alert Page/Choose recipients modal window/Filter field' is clicked on

22-04-2024T11:28:21 - [MESSAGE][PASSED] - Object: 'Object Repository/Create Pop-up Alert Page/Choose recipients modal window/Filter field' is clicked on

22-04-2024T11:28:21 - [TEST_STEP][PASSED] - setText(findTestObject("Create Pop-up Alert Page/Choose recipients modal window/Filter field"), "LAPTOP-E6BU4LL9"): Text 'LAPTOP-E6BU4LL9' is set on object 'Object Repository/Create Pop-up Alert Page/Choose recipients modal window/Filter field'

22-04-2024T11:28:21 - [MESSAGE][PASSED] - Text 'LAPTOP-E6BU4LL9' is set on object 'Object Repository/Create Pop-up Alert Page/Choose recipients modal window/Filter field'

22-04-2024T11:28:21 - [TEST_STEP][PASSED] - verifyElementText(findTestObject("Create Pop-up Alert Page/Choose recipients modal window/All user list-filtered"), "LAPTOP-E6BU4LL9 "): Actual text and expected text of test object 'Object Repository/Create Pop-up Alert Page/Choose recipients modal window/All user list-filtered' are matched.

22-04-2024T11:28:23 - [MESSAGE][PASSED] - Actual text and expected text of test object 'Object Repository/Create Pop-up Alert Page/Choose recipients modal window/All user list-filtered' are matched.

22-04-2024T11:28:23 - [TEST_STEP][PASSED] - click(findTestObject("Create Pop-up Alert Page/Choose recipients modal window/filtered user selection")): Object: 'Object Repository/Create Pop-up Alert Page/Choose recipients modal window/filtered user selection' is clicked on

22-04-2024T11:28:23 - [MESSAGE][PASSED] - Object: 'Object Repository/Create Pop-up Alert Page/Choose recipients modal window/filtered user selection' is clicked on

22-04-2024T11:28:23 - [TEST_STEP][PASSED] - click(findTestObject("Create Pop-up Alert Page/Choose recipients modal window/Filter field")): Object: 'Object Repository/Create Pop-up Alert Page/Choose recipients modal window/Filter field' is clicked on

22-04-2024T11:28:24 - [MESSAGE][PASSED] - Object: 'Object Repository/Create Pop-up Alert Page/Choose recipients modal window/Filter field' is clicked on

22-04-2024T11:28:24 - [TEST_STEP][PASSED] - sendKeys(findTestObject("Create Pop-up Alert Page/Choose recipients modal window/Filter field"), Keys.chord(CONTROL, "a", BACK_SPACE)): Keys 'CONTROL + BACK_SPACE + a' sent to object: 'Object Repository/Create Pop-up Alert Page/Choose recipients modal window/Filter field'

22-04-2024T11:28:24 - [MESSAGE][PASSED] - Keys 'CONTROL + BACK_SPACE + a' sent to object: 'Object Repository/Create Pop-up Alert Page/Choose recipients modal window/Filter field'

22-04-2024T11:28:24 - [TEST_STEP][PASSED] - setText(findTestObject("Create Pop-up Alert Page/Choose recipients modal window/Filter field"), "DESKTOP-9UH6GK7"): Text 'DESKTOP-9UH6GK7' is set on object 'Object Repository/Create Pop-up Alert Page/Choose recipients modal window/Filter field'

22-04-2024T11:28:25 - [MESSAGE][PASSED] - Text 'DESKTOP-9UH6GK7' is set on object 'Object Repository/Create Pop-up Alert Page/Choose recipients modal window/Filter field'

22-04-2024T11:28:25 - [TEST_STEP][PASSED] - verifyElementText(findTestObject("Create Pop-up Alert Page/Choose recipients modal window/All user list-filtered"), "DESKTOP-9UH6GK7 "): Actual text and expected text of test object 'Object Repository/Create Pop-up Alert Page/Choose recipients modal window/All user list-filtered' are matched.

22-04-2024T11:28:27 - [MESSAGE][PASSED] - Actual text and expected text of test object 'Object Repository/Create Pop-up Alert Page/Choose recipients modal window/All user list-filtered' are matched.

22-04-2024T11:28:27 - [TEST_STEP][PASSED] - click(findTestObject("Create Pop-up Alert Page/Choose recipients modal window/filtered user selection")): Object: 'Object Repository/Create Pop-up Alert Page/Choose recipients modal window/filtered user selection' is clicked on

22-04-2024T11:28:27 - [MESSAGE][PASSED] - Object: 'Object Repository/Create Pop-up Alert Page/Choose recipients modal window/filtered user selection' is clicked on

22-04-2024T11:28:27 - [TEST_STEP][PASSED] - click(findTestObject("Wallpapers/Done")): Object: 'Object Repository/Wallpapers/Done' is clicked on

22-04-2024T11:28:28 - [MESSAGE][PASSED] - Object: 'Object Repository/Wallpapers/Done' is clicked on

22-04-2024T11:28:28 - [MESSAGE][PASSED] - Call Test Case 'Test Cases/Built-in test cases/Choose recipients' successfully

22-04-2024T11:28:28 - [TEST_STEP][PASSED] - setText(findTestObject("Create Template/Template title"), " Template"): Text ' Template' is set on object 'Object Repository/Create Template/Template title'

22-04-2024T11:28:29 - [MESSAGE][PASSED] - Text ' Template' is set on object 'Object Repository/Create Template/Template title'

22-04-2024T11:28:29 - [TEST_STEP][PASSED] - click(findTestObject("Create Pop-up Alert Page/Send button")): Object: 'Object Repository/Create Pop-up Alert Page/Send button' is clicked on

22-04-2024T11:28:29 - [MESSAGE][PASSED] - Object: 'Object Repository/Create Pop-up Alert Page/Send button' is clicked on]]></system-out>
         <system-err><![CDATA[]]></system-err>
      </testcase>
      <testcase name="Test Cases/Ticker/Send ticker with template (TC-10)" time="17.998" classname="Test Cases/Ticker/Send ticker with template (TC-10)" status="PASSED">
         <system-out><![CDATA[22-04-2024T11:28:31 - [TEST_CASE][PASSED] - Test Cases/Ticker/Send ticker with template (TC-10): Test Cases/Ticker/Send ticker with template (TC-10)

22-04-2024T11:28:31 - [TEST_STEP][PASSED] - click(findTestObject("Dashboard Page/Compose alert button expansion")): Object: 'Object Repository/Dashboard Page/Compose alert button expansion' is clicked on

22-04-2024T11:28:32 - [MESSAGE][PASSED] - Object: 'Object Repository/Dashboard Page/Compose alert button expansion' is clicked on

22-04-2024T11:28:32 - [TEST_STEP][PASSED] - click(findTestObject("Dashboard Page/Scrolling tickers")): Object: 'Object Repository/Dashboard Page/Scrolling tickers' is clicked on

22-04-2024T11:28:32 - [MESSAGE][PASSED] - Object: 'Object Repository/Dashboard Page/Scrolling tickers' is clicked on

22-04-2024T11:28:32 - [TEST_STEP][PASSED] - verifyElementText(findTestObject("Create Scrolling ticker/Create Scrolling ticker header"), "Create Scrolling Ticker"): Actual text and expected text of test object 'Object Repository/Create Scrolling ticker/Create Scrolling ticker header' are matched.

22-04-2024T11:28:33 - [MESSAGE][PASSED] - Actual text and expected text of test object 'Object Repository/Create Scrolling ticker/Create Scrolling ticker header' are matched.

22-04-2024T11:28:33 - [TEST_STEP][PASSED] - waitForPageLoad(1): Wait for page load successfully

22-04-2024T11:28:33 - [MESSAGE][PASSED] - Wait for page load successfully

22-04-2024T11:28:33 - [TEST_STEP][PASSED] - click(findTestObject("Create Pop-up Alert Page/More button")): Object: 'Object Repository/Create Pop-up Alert Page/More button' is clicked on

22-04-2024T11:28:34 - [MESSAGE][PASSED] - Object: 'Object Repository/Create Pop-up Alert Page/More button' is clicked on

22-04-2024T11:28:34 - [TEST_STEP][PASSED] - callTestCase(findTestCase("Built-in test cases/Choose recipients"), [:], STOP_ON_FAILURE): Call Test Case 'Test Cases/Built-in test cases/Choose recipients' successfully

22-04-2024T11:28:34 - [TEST_CASE][PASSED] - Test Cases/Built-in test cases/Choose recipients: Test Cases/Built-in test cases/Choose recipients

22-04-2024T11:28:34 - [TEST_STEP][PASSED] - click(findTestObject("Create Pop-up Alert Page/Choose recipients modal window/Filter field")): Object: 'Object Repository/Create Pop-up Alert Page/Choose recipients modal window/Filter field' is clicked on

22-04-2024T11:28:34 - [MESSAGE][PASSED] - Object: 'Object Repository/Create Pop-up Alert Page/Choose recipients modal window/Filter field' is clicked on

22-04-2024T11:28:34 - [TEST_STEP][PASSED] - setText(findTestObject("Create Pop-up Alert Page/Choose recipients modal window/Filter field"), "LAPTOP-E6BU4LL9"): Text 'LAPTOP-E6BU4LL9' is set on object 'Object Repository/Create Pop-up Alert Page/Choose recipients modal window/Filter field'

22-04-2024T11:28:35 - [MESSAGE][PASSED] - Text 'LAPTOP-E6BU4LL9' is set on object 'Object Repository/Create Pop-up Alert Page/Choose recipients modal window/Filter field'

22-04-2024T11:28:35 - [TEST_STEP][PASSED] - verifyElementText(findTestObject("Create Pop-up Alert Page/Choose recipients modal window/All user list-filtered"), "LAPTOP-E6BU4LL9 "): Actual text and expected text of test object 'Object Repository/Create Pop-up Alert Page/Choose recipients modal window/All user list-filtered' are matched.

22-04-2024T11:28:37 - [MESSAGE][PASSED] - Actual text and expected text of test object 'Object Repository/Create Pop-up Alert Page/Choose recipients modal window/All user list-filtered' are matched.

22-04-2024T11:28:37 - [TEST_STEP][PASSED] - click(findTestObject("Create Pop-up Alert Page/Choose recipients modal window/filtered user selection")): Object: 'Object Repository/Create Pop-up Alert Page/Choose recipients modal window/filtered user selection' is clicked on

22-04-2024T11:28:37 - [MESSAGE][PASSED] - Object: 'Object Repository/Create Pop-up Alert Page/Choose recipients modal window/filtered user selection' is clicked on

22-04-2024T11:28:37 - [TEST_STEP][PASSED] - click(findTestObject("Create Pop-up Alert Page/Choose recipients modal window/Filter field")): Object: 'Object Repository/Create Pop-up Alert Page/Choose recipients modal window/Filter field' is clicked on

22-04-2024T11:28:38 - [MESSAGE][PASSED] - Object: 'Object Repository/Create Pop-up Alert Page/Choose recipients modal window/Filter field' is clicked on

22-04-2024T11:28:38 - [TEST_STEP][PASSED] - sendKeys(findTestObject("Create Pop-up Alert Page/Choose recipients modal window/Filter field"), Keys.chord(CONTROL, "a", BACK_SPACE)): Keys 'CONTROL + BACK_SPACE + a' sent to object: 'Object Repository/Create Pop-up Alert Page/Choose recipients modal window/Filter field'

22-04-2024T11:28:38 - [MESSAGE][PASSED] - Keys 'CONTROL + BACK_SPACE + a' sent to object: 'Object Repository/Create Pop-up Alert Page/Choose recipients modal window/Filter field'

22-04-2024T11:28:38 - [TEST_STEP][PASSED] - setText(findTestObject("Create Pop-up Alert Page/Choose recipients modal window/Filter field"), "DESKTOP-9UH6GK7"): Text 'DESKTOP-9UH6GK7' is set on object 'Object Repository/Create Pop-up Alert Page/Choose recipients modal window/Filter field'

22-04-2024T11:28:39 - [MESSAGE][PASSED] - Text 'DESKTOP-9UH6GK7' is set on object 'Object Repository/Create Pop-up Alert Page/Choose recipients modal window/Filter field'

22-04-2024T11:28:39 - [TEST_STEP][PASSED] - verifyElementText(findTestObject("Create Pop-up Alert Page/Choose recipients modal window/All user list-filtered"), "DESKTOP-9UH6GK7 "): Actual text and expected text of test object 'Object Repository/Create Pop-up Alert Page/Choose recipients modal window/All user list-filtered' are matched.

22-04-2024T11:28:41 - [MESSAGE][PASSED] - Actual text and expected text of test object 'Object Repository/Create Pop-up Alert Page/Choose recipients modal window/All user list-filtered' are matched.

22-04-2024T11:28:41 - [TEST_STEP][PASSED] - click(findTestObject("Create Pop-up Alert Page/Choose recipients modal window/filtered user selection")): Object: 'Object Repository/Create Pop-up Alert Page/Choose recipients modal window/filtered user selection' is clicked on

22-04-2024T11:28:41 - [MESSAGE][PASSED] - Object: 'Object Repository/Create Pop-up Alert Page/Choose recipients modal window/filtered user selection' is clicked on

22-04-2024T11:28:41 - [TEST_STEP][PASSED] - click(findTestObject("Wallpapers/Done")): Object: 'Object Repository/Wallpapers/Done' is clicked on

22-04-2024T11:28:42 - [MESSAGE][PASSED] - Object: 'Object Repository/Wallpapers/Done' is clicked on

22-04-2024T11:28:42 - [MESSAGE][PASSED] - Call Test Case 'Test Cases/Built-in test cases/Choose recipients' successfully

22-04-2024T11:28:42 - [TEST_STEP][PASSED] - click(findTestObject("Create Pop-up Alert Page/Template selection button")): Object: 'Object Repository/Create Pop-up Alert Page/Template selection button' is clicked on

22-04-2024T11:28:42 - [MESSAGE][PASSED] - Object: 'Object Repository/Create Pop-up Alert Page/Template selection button' is clicked on

22-04-2024T11:28:42 - [TEST_STEP][PASSED] - click(findTestObject("Create Scrolling ticker/Ticker Template with given name")): Object: 'Object Repository/Create Scrolling ticker/Ticker Template with given name' is clicked on

22-04-2024T11:28:43 - [MESSAGE][PASSED] - Object: 'Object Repository/Create Scrolling ticker/Ticker Template with given name' is clicked on

22-04-2024T11:28:43 - [TEST_STEP][PASSED] - sendKeys(findTestObject("Create Pop-up Alert Page/Alert Title field"), Keys.chord(CONTROL, "a", BACK_SPACE)): Keys 'CONTROL + BACK_SPACE + a' sent to object: 'Object Repository/Create Pop-up Alert Page/Alert Title field'

22-04-2024T11:28:44 - [MESSAGE][PASSED] - Keys 'CONTROL + BACK_SPACE + a' sent to object: 'Object Repository/Create Pop-up Alert Page/Alert Title field'

22-04-2024T11:28:44 - [TEST_STEP][PASSED] - setText(findTestObject("Create Pop-up Alert Page/Alert Title field"), "TC-10"): Text 'TC-10' is set on object 'Object Repository/Create Pop-up Alert Page/Alert Title field'

22-04-2024T11:28:45 - [MESSAGE][PASSED] - Text 'TC-10' is set on object 'Object Repository/Create Pop-up Alert Page/Alert Title field'

22-04-2024T11:28:45 - [TEST_STEP][PASSED] - click(findTestObject("Create Pop-up Alert Page/Send button")): Object: 'Object Repository/Create Pop-up Alert Page/Send button' is clicked on

22-04-2024T11:28:45 - [MESSAGE][PASSED] - Object: 'Object Repository/Create Pop-up Alert Page/Send button' is clicked on

22-04-2024T11:28:45 - [TEST_STEP][PASSED] - waitForPageLoad(2): Wait for page load successfully

22-04-2024T11:28:45 - [MESSAGE][PASSED] - Wait for page load successfully

22-04-2024T11:28:45 - [TEST_STEP][PASSED] - setText(findTestObject("Pop-up Alerts page/Search by title field"), "TC-10"): Text 'TC-10' is set on object 'Object Repository/Pop-up Alerts page/Search by title field'

22-04-2024T11:28:47 - [MESSAGE][PASSED] - Text 'TC-10' is set on object 'Object Repository/Pop-up Alerts page/Search by title field'

22-04-2024T11:28:47 - [TEST_STEP][PASSED] - verifyElementText(findTestObject("Pop-up Alerts page/Filtered sent alert"), "TC-10"): Actual text and expected text of test object 'Object Repository/Pop-up Alerts page/Filtered sent alert' are matched.

22-04-2024T11:28:47 - [MESSAGE][PASSED] - Actual text and expected text of test object 'Object Repository/Pop-up Alerts page/Filtered sent alert' are matched.]]></system-out>
         <system-err><![CDATA[]]></system-err>
      </testcase>
      <testcase name="Test Cases/Ticker/Ticker Preview (TC-11)" time="49.414" classname="Test Cases/Ticker/Ticker Preview (TC-11)" status="FAILED">
         <failure type="FAILED" message="Test Cases/Ticker/Ticker Preview (TC-11) FAILED.&#xa;Reason:&#xa;com.kms.katalon.core.exception.StepFailedException: Unable to click on object 'Object Repository/Create Pop-up Alert Page/Alerts settings right-hand menu/Skin choice button'&#xa;	at com.kms.katalon.core.webui.keyword.internal.WebUIKeywordMain.stepFailed(WebUIKeywordMain.groovy:64)&#xa;	at com.kms.katalon.core.webui.keyword.internal.WebUIKeywordMain.runKeyword(WebUIKeywordMain.groovy:26)&#xa;	at com.kms.katalon.core.webui.keyword.builtin.ClickKeyword.click(ClickKeyword.groovy:74)&#xa;	at com.kms.katalon.core.webui.keyword.builtin.ClickKeyword.execute(ClickKeyword.groovy:40)&#xa;	at com.kms.katalon.core.keyword.internal.KeywordExecutor.executeKeywordForPlatform(KeywordExecutor.groovy:74)&#xa;	at com.kms.katalon.core.webui.keyword.WebUiBuiltInKeywords.click(WebUiBuiltInKeywords.groovy:659)&#xa;	at Ticker Preview (TC-11).run(Ticker Preview (TC-11):42)&#xa;	at com.kms.katalon.core.main.ScriptEngine.run(ScriptEngine.java:194)&#xa;	at com.kms.katalon.core.main.ScriptEngine.runScriptAsRawText(ScriptEngine.java:119)&#xa;	at com.kms.katalon.core.main.TestCaseExecutor.runScript(TestCaseExecutor.java:448)&#xa;	at com.kms.katalon.core.main.TestCaseExecutor.doExecute(TestCaseExecutor.java:439)&#xa;	at com.kms.katalon.core.main.TestCaseExecutor.processExecutionPhase(TestCaseExecutor.java:418)&#xa;	at com.kms.katalon.core.main.TestCaseExecutor.accessMainPhase(TestCaseExecutor.java:410)&#xa;	at com.kms.katalon.core.main.TestCaseExecutor.execute(TestCaseExecutor.java:285)&#xa;	at com.kms.katalon.core.main.TestCaseExecutor.execute(TestCaseExecutor.java:369)&#xa;	at com.kms.katalon.core.common.CommonExecutor.accessTestCaseMainPhase(CommonExecutor.java:65)&#xa;	at com.kms.katalon.core.main.TestSuiteExecutor.accessTestSuiteMainPhase(TestSuiteExecutor.java:148)&#xa;	at com.kms.katalon.core.main.TestSuiteExecutor.execute(TestSuiteExecutor.java:106)&#xa;	at com.kms.katalon.core.main.TestCaseMain.startTestSuite(TestCaseMain.java:180)&#xa;	at TempTestSuite1713774387649.run(TempTestSuite1713774387649.groovy:35)&#xa;	at java.base/jdk.internal.reflect.NativeMethodAccessorImpl.invoke0(Native Method)&#xa;	at java.base/jdk.internal.reflect.NativeMethodAccessorImpl.invoke(NativeMethodAccessorImpl.java:77)&#xa;	at java.base/jdk.internal.reflect.DelegatingMethodAccessorImpl.invoke(DelegatingMethodAccessorImpl.java:43)&#xa;Caused by: com.kms.katalon.core.webui.exception.WebElementNotFoundException: Web element with id: 'Object Repository/Create Pop-up Alert Page/Alerts settings right-hand menu/Skin choice button' located by 'null' not found&#xa;	at com.kms.katalon.core.webui.common.WebUiCommonHelper.findWebElement(WebUiCommonHelper.java:1426)&#xa;	at com.kms.katalon.core.webui.keyword.internal.WebUIAbstractKeyword.findWebElement(WebUIAbstractKeyword.groovy:27)&#xa;	at com.kms.katalon.core.webui.keyword.builtin.ClickKeyword$_click_closure1.doCall(ClickKeyword.groovy:65)&#xa;	at com.kms.katalon.core.webui.keyword.builtin.ClickKeyword$_click_closure1.call(ClickKeyword.groovy)&#xa;	at com.kms.katalon.core.webui.keyword.internal.WebUIKeywordMain.runKeyword(WebUIKeywordMain.groovy:20)&#xa;	... 21 more&#xa;"/>
         <system-out><![CDATA[22-04-2024T11:29:39 - [TEST_CASE][FAILED] - Test Cases/Ticker/Ticker Preview (TC-11): Test Cases/Ticker/Ticker Preview (TC-11) FAILED.
Reason:
com.kms.katalon.core.exception.StepFailedException: Unable to click on object 'Object Repository/Create Pop-up Alert Page/Alerts settings right-hand menu/Skin choice button'
	at com.kms.katalon.core.webui.keyword.internal.WebUIKeywordMain.stepFailed(WebUIKeywordMain.groovy:64)
	at com.kms.katalon.core.webui.keyword.internal.WebUIKeywordMain.runKeyword(WebUIKeywordMain.groovy:26)
	at com.kms.katalon.core.webui.keyword.builtin.ClickKeyword.click(ClickKeyword.groovy:74)
	at com.kms.katalon.core.webui.keyword.builtin.ClickKeyword.execute(ClickKeyword.groovy:40)
	at com.kms.katalon.core.keyword.internal.KeywordExecutor.executeKeywordForPlatform(KeywordExecutor.groovy:74)
	at com.kms.katalon.core.webui.keyword.WebUiBuiltInKeywords.click(WebUiBuiltInKeywords.groovy:659)
	at Ticker Preview (TC-11).run(Ticker Preview (TC-11):42)
	at com.kms.katalon.core.main.ScriptEngine.run(ScriptEngine.java:194)
	at com.kms.katalon.core.main.ScriptEngine.runScriptAsRawText(ScriptEngine.java:119)
	at com.kms.katalon.core.main.TestCaseExecutor.runScript(TestCaseExecutor.java:448)
	at com.kms.katalon.core.main.TestCaseExecutor.doExecute(TestCaseExecutor.java:439)
	at com.kms.katalon.core.main.TestCaseExecutor.processExecutionPhase(TestCaseExecutor.java:418)
	at com.kms.katalon.core.main.TestCaseExecutor.accessMainPhase(TestCaseExecutor.java:410)
	at com.kms.katalon.core.main.TestCaseExecutor.execute(TestCaseExecutor.java:285)
	at com.kms.katalon.core.main.TestCaseExecutor.execute(TestCaseExecutor.java:369)
	at com.kms.katalon.core.common.CommonExecutor.accessTestCaseMainPhase(CommonExecutor.java:65)
	at com.kms.katalon.core.main.TestSuiteExecutor.accessTestSuiteMainPhase(TestSuiteExecutor.java:148)
	at com.kms.katalon.core.main.TestSuiteExecutor.execute(TestSuiteExecutor.java:106)
	at com.kms.katalon.core.main.TestCaseMain.startTestSuite(TestCaseMain.java:180)
	at TempTestSuite1713774387649.run(TempTestSuite1713774387649.groovy:35)
	at java.base/jdk.internal.reflect.NativeMethodAccessorImpl.invoke0(Native Method)
	at java.base/jdk.internal.reflect.NativeMethodAccessorImpl.invoke(NativeMethodAccessorImpl.java:77)
	at java.base/jdk.internal.reflect.DelegatingMethodAccessorImpl.invoke(DelegatingMethodAccessorImpl.java:43)
Caused by: com.kms.katalon.core.webui.exception.WebElementNotFoundException: Web element with id: 'Object Repository/Create Pop-up Alert Page/Alerts settings right-hand menu/Skin choice button' located by 'null' not found
	at com.kms.katalon.core.webui.common.WebUiCommonHelper.findWebElement(WebUiCommonHelper.java:1426)
	at com.kms.katalon.core.webui.keyword.internal.WebUIAbstractKeyword.findWebElement(WebUIAbstractKeyword.groovy:27)
	at com.kms.katalon.core.webui.keyword.builtin.ClickKeyword$_click_closure1.doCall(ClickKeyword.groovy:65)
	at com.kms.katalon.core.webui.keyword.builtin.ClickKeyword$_click_closure1.call(ClickKeyword.groovy)
	at com.kms.katalon.core.webui.keyword.internal.WebUIKeywordMain.runKeyword(WebUIKeywordMain.groovy:20)
	... 21 more


22-04-2024T11:29:39 - [TEST_STEP][PASSED] - click(findTestObject("Dashboard Page/Compose alert button expansion")): Object: 'Object Repository/Dashboard Page/Compose alert button expansion' is clicked on

22-04-2024T11:29:39 - [MESSAGE][PASSED] - Object: 'Object Repository/Dashboard Page/Compose alert button expansion' is clicked on

22-04-2024T11:29:39 - [TEST_STEP][PASSED] - click(findTestObject("Dashboard Page/Scrolling tickers")): Object: 'Object Repository/Dashboard Page/Scrolling tickers' is clicked on

22-04-2024T11:29:40 - [MESSAGE][PASSED] - Object: 'Object Repository/Dashboard Page/Scrolling tickers' is clicked on

22-04-2024T11:29:40 - [TEST_STEP][PASSED] - refresh(): Refresh successfully

22-04-2024T11:29:40 - [MESSAGE][PASSED] - Refresh successfully

22-04-2024T11:29:40 - [TEST_STEP][PASSED] - verifyElementText(findTestObject("Create Scrolling ticker/Create Scrolling ticker header"), "Create Scrolling Ticker"): Actual text and expected text of test object 'Object Repository/Create Scrolling ticker/Create Scrolling ticker header' are matched.

22-04-2024T11:29:41 - [MESSAGE][PASSED] - Actual text and expected text of test object 'Object Repository/Create Scrolling ticker/Create Scrolling ticker header' are matched.

22-04-2024T11:29:41 - [TEST_STEP][PASSED] - waitForPageLoad(1): Wait for page load successfully

22-04-2024T11:29:41 - [MESSAGE][PASSED] - Wait for page load successfully

22-04-2024T11:29:41 - [TEST_STEP][PASSED] - click(findTestObject("Create Pop-up Alert Page/More button")): Object: 'Object Repository/Create Pop-up Alert Page/More button' is clicked on

22-04-2024T11:29:42 - [MESSAGE][PASSED] - Object: 'Object Repository/Create Pop-up Alert Page/More button' is clicked on

22-04-2024T11:29:42 - [TEST_STEP][PASSED] - callTestCase(findTestCase("Built-in test cases/Choose recipients"), [:], STOP_ON_FAILURE): Call Test Case 'Test Cases/Built-in test cases/Choose recipients' successfully

22-04-2024T11:29:42 - [TEST_CASE][PASSED] - Test Cases/Built-in test cases/Choose recipients: Test Cases/Built-in test cases/Choose recipients

22-04-2024T11:29:42 - [TEST_STEP][PASSED] - click(findTestObject("Create Pop-up Alert Page/Choose recipients modal window/Filter field")): Object: 'Object Repository/Create Pop-up Alert Page/Choose recipients modal window/Filter field' is clicked on

22-04-2024T11:29:42 - [MESSAGE][PASSED] - Object: 'Object Repository/Create Pop-up Alert Page/Choose recipients modal window/Filter field' is clicked on

22-04-2024T11:29:42 - [TEST_STEP][PASSED] - setText(findTestObject("Create Pop-up Alert Page/Choose recipients modal window/Filter field"), "LAPTOP-E6BU4LL9"): Text 'LAPTOP-E6BU4LL9' is set on object 'Object Repository/Create Pop-up Alert Page/Choose recipients modal window/Filter field'

22-04-2024T11:29:44 - [MESSAGE][PASSED] - Text 'LAPTOP-E6BU4LL9' is set on object 'Object Repository/Create Pop-up Alert Page/Choose recipients modal window/Filter field'

22-04-2024T11:29:44 - [TEST_STEP][PASSED] - verifyElementText(findTestObject("Create Pop-up Alert Page/Choose recipients modal window/All user list-filtered"), "LAPTOP-E6BU4LL9 "): Actual text and expected text of test object 'Object Repository/Create Pop-up Alert Page/Choose recipients modal window/All user list-filtered' are matched.

22-04-2024T11:29:45 - [MESSAGE][PASSED] - Actual text and expected text of test object 'Object Repository/Create Pop-up Alert Page/Choose recipients modal window/All user list-filtered' are matched.

22-04-2024T11:29:45 - [TEST_STEP][PASSED] - click(findTestObject("Create Pop-up Alert Page/Choose recipients modal window/filtered user selection")): Object: 'Object Repository/Create Pop-up Alert Page/Choose recipients modal window/filtered user selection' is clicked on

22-04-2024T11:29:46 - [MESSAGE][PASSED] - Object: 'Object Repository/Create Pop-up Alert Page/Choose recipients modal window/filtered user selection' is clicked on

22-04-2024T11:29:46 - [TEST_STEP][PASSED] - click(findTestObject("Create Pop-up Alert Page/Choose recipients modal window/Filter field")): Object: 'Object Repository/Create Pop-up Alert Page/Choose recipients modal window/Filter field' is clicked on

22-04-2024T11:29:46 - [MESSAGE][PASSED] - Object: 'Object Repository/Create Pop-up Alert Page/Choose recipients modal window/Filter field' is clicked on

22-04-2024T11:29:46 - [TEST_STEP][PASSED] - sendKeys(findTestObject("Create Pop-up Alert Page/Choose recipients modal window/Filter field"), Keys.chord(CONTROL, "a", BACK_SPACE)): Keys 'CONTROL + BACK_SPACE + a' sent to object: 'Object Repository/Create Pop-up Alert Page/Choose recipients modal window/Filter field'

22-04-2024T11:29:47 - [MESSAGE][PASSED] - Keys 'CONTROL + BACK_SPACE + a' sent to object: 'Object Repository/Create Pop-up Alert Page/Choose recipients modal window/Filter field'

22-04-2024T11:29:47 - [TEST_STEP][PASSED] - setText(findTestObject("Create Pop-up Alert Page/Choose recipients modal window/Filter field"), "DESKTOP-9UH6GK7"): Text 'DESKTOP-9UH6GK7' is set on object 'Object Repository/Create Pop-up Alert Page/Choose recipients modal window/Filter field'

22-04-2024T11:29:47 - [MESSAGE][PASSED] - Text 'DESKTOP-9UH6GK7' is set on object 'Object Repository/Create Pop-up Alert Page/Choose recipients modal window/Filter field'

22-04-2024T11:29:47 - [TEST_STEP][PASSED] - verifyElementText(findTestObject("Create Pop-up Alert Page/Choose recipients modal window/All user list-filtered"), "DESKTOP-9UH6GK7 "): Actual text and expected text of test object 'Object Repository/Create Pop-up Alert Page/Choose recipients modal window/All user list-filtered' are matched.

22-04-2024T11:29:49 - [MESSAGE][PASSED] - Actual text and expected text of test object 'Object Repository/Create Pop-up Alert Page/Choose recipients modal window/All user list-filtered' are matched.

22-04-2024T11:29:49 - [TEST_STEP][PASSED] - click(findTestObject("Create Pop-up Alert Page/Choose recipients modal window/filtered user selection")): Object: 'Object Repository/Create Pop-up Alert Page/Choose recipients modal window/filtered user selection' is clicked on

22-04-2024T11:29:49 - [MESSAGE][PASSED] - Object: 'Object Repository/Create Pop-up Alert Page/Choose recipients modal window/filtered user selection' is clicked on

22-04-2024T11:29:49 - [TEST_STEP][PASSED] - click(findTestObject("Wallpapers/Done")): Object: 'Object Repository/Wallpapers/Done' is clicked on

22-04-2024T11:29:50 - [MESSAGE][PASSED] - Object: 'Object Repository/Wallpapers/Done' is clicked on

22-04-2024T11:29:50 - [MESSAGE][PASSED] - Call Test Case 'Test Cases/Built-in test cases/Choose recipients' successfully

22-04-2024T11:29:50 - [TEST_STEP][PASSED] - setText(findTestObject("Create Pop-up Alert Page/Alert Title field"), "TC-11"): Text 'TC-11' is set on object 'Object Repository/Create Pop-up Alert Page/Alert Title field'

22-04-2024T11:29:51 - [MESSAGE][PASSED] - Text 'TC-11' is set on object 'Object Repository/Create Pop-up Alert Page/Alert Title field'

22-04-2024T11:29:51 - [TEST_STEP][PASSED] - switchToFrame(findTestObject("Create Pop-up Alert Page/Alert body iframe"), 2): null

22-04-2024T11:29:51 - [TEST_STEP][PASSED] - setMaskedText(findTestObject("Create Pop-up Alert Page/Alert body"),************************************************************): Text '*********************************************************' is set on object 'Object Repository/Create Pop-up Alert Page/Alert body'

22-04-2024T11:29:53 - [MESSAGE][PASSED] - Text '*********************************************************' is set on object 'Object Repository/Create Pop-up Alert Page/Alert body'

22-04-2024T11:29:53 - [TEST_STEP][PASSED] - switchToDefaultContent(): null

22-04-2024T11:29:53 - [TEST_STEP][FAILED] - click(findTestObject("Create Pop-up Alert Page/Alerts settings right-hand menu/Skin choice button")): Unable to click on object 'Object Repository/Create Pop-up Alert Page/Alerts settings right-hand menu/Skin choice button' (Root cause: com.kms.katalon.core.exception.StepFailedException: Unable to click on object 'Object Repository/Create Pop-up Alert Page/Alerts settings right-hand menu/Skin choice button'
	at com.kms.katalon.core.webui.keyword.internal.WebUIKeywordMain.stepFailed(WebUIKeywordMain.groovy:64)
	at com.kms.katalon.core.webui.keyword.internal.WebUIKeywordMain.runKeyword(WebUIKeywordMain.groovy:26)
	at com.kms.katalon.core.webui.keyword.builtin.ClickKeyword.click(ClickKeyword.groovy:74)
	at com.kms.katalon.core.webui.keyword.builtin.ClickKeyword.execute(ClickKeyword.groovy:40)
	at com.kms.katalon.core.keyword.internal.KeywordExecutor.executeKeywordForPlatform(KeywordExecutor.groovy:74)
	at com.kms.katalon.core.webui.keyword.WebUiBuiltInKeywords.click(WebUiBuiltInKeywords.groovy:659)
	at Ticker Preview (TC-11).run(Ticker Preview (TC-11):42)
	at com.kms.katalon.core.main.ScriptEngine.run(ScriptEngine.java:194)
	at com.kms.katalon.core.main.ScriptEngine.runScriptAsRawText(ScriptEngine.java:119)
	at com.kms.katalon.core.main.TestCaseExecutor.runScript(TestCaseExecutor.java:448)
	at com.kms.katalon.core.main.TestCaseExecutor.doExecute(TestCaseExecutor.java:439)
	at com.kms.katalon.core.main.TestCaseExecutor.processExecutionPhase(TestCaseExecutor.java:418)
	at com.kms.katalon.core.main.TestCaseExecutor.accessMainPhase(TestCaseExecutor.java:410)
	at com.kms.katalon.core.main.TestCaseExecutor.execute(TestCaseExecutor.java:285)
	at com.kms.katalon.core.main.TestCaseExecutor.execute(TestCaseExecutor.java:369)
	at com.kms.katalon.core.common.CommonExecutor.accessTestCaseMainPhase(CommonExecutor.java:65)
	at com.kms.katalon.core.main.TestSuiteExecutor.accessTestSuiteMainPhase(TestSuiteExecutor.java:148)
	at com.kms.katalon.core.main.TestSuiteExecutor.execute(TestSuiteExecutor.java:106)
	at com.kms.katalon.core.main.TestCaseMain.startTestSuite(TestCaseMain.java:180)
	at TempTestSuite1713774387649.run(TempTestSuite1713774387649.groovy:35)
	at java.base/jdk.internal.reflect.NativeMethodAccessorImpl.invoke0(Native Method)
	at java.base/jdk.internal.reflect.NativeMethodAccessorImpl.invoke(NativeMethodAccessorImpl.java:77)
	at java.base/jdk.internal.reflect.DelegatingMethodAccessorImpl.invoke(DelegatingMethodAccessorImpl.java:43)
Caused by: com.kms.katalon.core.webui.exception.WebElementNotFoundException: Web element with id: 'Object Repository/Create Pop-up Alert Page/Alerts settings right-hand menu/Skin choice button' located by 'null' not found
	at com.kms.katalon.core.webui.common.WebUiCommonHelper.findWebElement(WebUiCommonHelper.java:1426)
	at com.kms.katalon.core.webui.keyword.internal.WebUIAbstractKeyword.findWebElement(WebUIAbstractKeyword.groovy:27)
	at com.kms.katalon.core.webui.keyword.builtin.ClickKeyword$_click_closure1.doCall(ClickKeyword.groovy:65)
	at com.kms.katalon.core.webui.keyword.builtin.ClickKeyword$_click_closure1.call(ClickKeyword.groovy)
	at com.kms.katalon.core.webui.keyword.internal.WebUIKeywordMain.runKeyword(WebUIKeywordMain.groovy:20)
	at com.kms.katalon.core.webui.keyword.builtin.ClickKeyword.click(ClickKeyword.groovy:74)
	at com.kms.katalon.core.webui.keyword.builtin.ClickKeyword.execute(ClickKeyword.groovy:40)
	at com.kms.katalon.core.keyword.internal.KeywordExecutor.executeKeywordForPlatform(KeywordExecutor.groovy:74)
	at com.kms.katalon.core.webui.keyword.WebUiBuiltInKeywords.click(WebUiBuiltInKeywords.groovy:659)
	at Script1706083523848.run(Script1706083523848.groovy:42)
	... 16 more
)

22-04-2024T11:30:24 - [MESSAGE][INFO] - Unable to find the element located by 'By.cssSelector: [aria-label="Select skin popup alert"]'. Please recheck the objects properties to make sure the desired element is located. 

22-04-2024T11:30:24 - [MESSAGE][WARNING] - [SELF-HEALING] Failed to find element with id 'Object Repository/Create Pop-up Alert Page/Alerts settings right-hand menu/Skin choice button'. Try using Self-healing.

22-04-2024T11:30:24 - [MESSAGE][WARNING] - [SELF-HEALING] Cannot find elements when the XPath is null.

22-04-2024T11:30:26 - [MESSAGE][INFO] - Unable to find the element located by 'By.xpath: '. Please recheck the objects properties to make sure the desired element is located. 

22-04-2024T11:30:26 - [MESSAGE][FAILED] - Unable to click on object 'Object Repository/Create Pop-up Alert Page/Alerts settings right-hand menu/Skin choice button' (Root cause: com.kms.katalon.core.exception.StepFailedException: Unable to click on object 'Object Repository/Create Pop-up Alert Page/Alerts settings right-hand menu/Skin choice button'
	at com.kms.katalon.core.webui.keyword.internal.WebUIKeywordMain.stepFailed(WebUIKeywordMain.groovy:64)
	at com.kms.katalon.core.webui.keyword.internal.WebUIKeywordMain.runKeyword(WebUIKeywordMain.groovy:26)
	at com.kms.katalon.core.webui.keyword.builtin.ClickKeyword.click(ClickKeyword.groovy:74)
	at com.kms.katalon.core.webui.keyword.builtin.ClickKeyword.execute(ClickKeyword.groovy:40)
	at com.kms.katalon.core.keyword.internal.KeywordExecutor.executeKeywordForPlatform(KeywordExecutor.groovy:74)
	at com.kms.katalon.core.webui.keyword.WebUiBuiltInKeywords.click(WebUiBuiltInKeywords.groovy:659)
	at Ticker Preview (TC-11).run(Ticker Preview (TC-11):42)
	at com.kms.katalon.core.main.ScriptEngine.run(ScriptEngine.java:194)
	at com.kms.katalon.core.main.ScriptEngine.runScriptAsRawText(ScriptEngine.java:119)
	at com.kms.katalon.core.main.TestCaseExecutor.runScript(TestCaseExecutor.java:448)
	at com.kms.katalon.core.main.TestCaseExecutor.doExecute(TestCaseExecutor.java:439)
	at com.kms.katalon.core.main.TestCaseExecutor.processExecutionPhase(TestCaseExecutor.java:418)
	at com.kms.katalon.core.main.TestCaseExecutor.accessMainPhase(TestCaseExecutor.java:410)
	at com.kms.katalon.core.main.TestCaseExecutor.execute(TestCaseExecutor.java:285)
	at com.kms.katalon.core.main.TestCaseExecutor.execute(TestCaseExecutor.java:369)
	at com.kms.katalon.core.common.CommonExecutor.accessTestCaseMainPhase(CommonExecutor.java:65)
	at com.kms.katalon.core.main.TestSuiteExecutor.accessTestSuiteMainPhase(TestSuiteExecutor.java:148)
	at com.kms.katalon.core.main.TestSuiteExecutor.execute(TestSuiteExecutor.java:106)
	at com.kms.katalon.core.main.TestCaseMain.startTestSuite(TestCaseMain.java:180)
	at TempTestSuite1713774387649.run(TempTestSuite1713774387649.groovy:35)
	at java.base/jdk.internal.reflect.NativeMethodAccessorImpl.invoke0(Native Method)
	at java.base/jdk.internal.reflect.NativeMethodAccessorImpl.invoke(NativeMethodAccessorImpl.java:77)
	at java.base/jdk.internal.reflect.DelegatingMethodAccessorImpl.invoke(DelegatingMethodAccessorImpl.java:43)
Caused by: com.kms.katalon.core.webui.exception.WebElementNotFoundException: Web element with id: 'Object Repository/Create Pop-up Alert Page/Alerts settings right-hand menu/Skin choice button' located by 'null' not found
	at com.kms.katalon.core.webui.common.WebUiCommonHelper.findWebElement(WebUiCommonHelper.java:1426)
	at com.kms.katalon.core.webui.keyword.internal.WebUIAbstractKeyword.findWebElement(WebUIAbstractKeyword.groovy:27)
	at com.kms.katalon.core.webui.keyword.builtin.ClickKeyword$_click_closure1.doCall(ClickKeyword.groovy:65)
	at com.kms.katalon.core.webui.keyword.builtin.ClickKeyword$_click_closure1.call(ClickKeyword.groovy)
	at com.kms.katalon.core.webui.keyword.internal.WebUIKeywordMain.runKeyword(WebUIKeywordMain.groovy:20)
	at com.kms.katalon.core.webui.keyword.builtin.ClickKeyword.click(ClickKeyword.groovy:74)
	at com.kms.katalon.core.webui.keyword.builtin.ClickKeyword.execute(ClickKeyword.groovy:40)
	at com.kms.katalon.core.keyword.internal.KeywordExecutor.executeKeywordForPlatform(KeywordExecutor.groovy:74)
	at com.kms.katalon.core.webui.keyword.WebUiBuiltInKeywords.click(WebUiBuiltInKeywords.groovy:659)
	at Script1706083523848.run(Script1706083523848.groovy:42)
	... 16 more
)
[[ATTACHMENT|C:\\Users\\Home\\git\\Katalon\\Reports\\20240422_112626\\Scrolling ticker\\20240422_112627\\1713774626546.png]]

22-04-2024T11:30:28 - [TEST_STEP][PASSED] - Video: Video recording for test case 'Test Cases/Ticker/Ticker Preview (TC-11)' .

22-04-2024T11:30:28 - [MESSAGE][INFO] - Video recording for test case 'Test Cases/Ticker/Ticker Preview (TC-11)' .]]></system-out>
         <system-err><![CDATA[22-04-2024T11:29:39 - [TEST_CASE][FAILED] - Test Cases/Ticker/Ticker Preview (TC-11): Test Cases/Ticker/Ticker Preview (TC-11) FAILED.
Reason:
com.kms.katalon.core.exception.StepFailedException: Unable to click on object 'Object Repository/Create Pop-up Alert Page/Alerts settings right-hand menu/Skin choice button'
	at com.kms.katalon.core.webui.keyword.internal.WebUIKeywordMain.stepFailed(WebUIKeywordMain.groovy:64)
	at com.kms.katalon.core.webui.keyword.internal.WebUIKeywordMain.runKeyword(WebUIKeywordMain.groovy:26)
	at com.kms.katalon.core.webui.keyword.builtin.ClickKeyword.click(ClickKeyword.groovy:74)
	at com.kms.katalon.core.webui.keyword.builtin.ClickKeyword.execute(ClickKeyword.groovy:40)
	at com.kms.katalon.core.keyword.internal.KeywordExecutor.executeKeywordForPlatform(KeywordExecutor.groovy:74)
	at com.kms.katalon.core.webui.keyword.WebUiBuiltInKeywords.click(WebUiBuiltInKeywords.groovy:659)
	at Ticker Preview (TC-11).run(Ticker Preview (TC-11):42)
	at com.kms.katalon.core.main.ScriptEngine.run(ScriptEngine.java:194)
	at com.kms.katalon.core.main.ScriptEngine.runScriptAsRawText(ScriptEngine.java:119)
	at com.kms.katalon.core.main.TestCaseExecutor.runScript(TestCaseExecutor.java:448)
	at com.kms.katalon.core.main.TestCaseExecutor.doExecute(TestCaseExecutor.java:439)
	at com.kms.katalon.core.main.TestCaseExecutor.processExecutionPhase(TestCaseExecutor.java:418)
	at com.kms.katalon.core.main.TestCaseExecutor.accessMainPhase(TestCaseExecutor.java:410)
	at com.kms.katalon.core.main.TestCaseExecutor.execute(TestCaseExecutor.java:285)
	at com.kms.katalon.core.main.TestCaseExecutor.execute(TestCaseExecutor.java:369)
	at com.kms.katalon.core.common.CommonExecutor.accessTestCaseMainPhase(CommonExecutor.java:65)
	at com.kms.katalon.core.main.TestSuiteExecutor.accessTestSuiteMainPhase(TestSuiteExecutor.java:148)
	at com.kms.katalon.core.main.TestSuiteExecutor.execute(TestSuiteExecutor.java:106)
	at com.kms.katalon.core.main.TestCaseMain.startTestSuite(TestCaseMain.java:180)
	at TempTestSuite1713774387649.run(TempTestSuite1713774387649.groovy:35)
	at java.base/jdk.internal.reflect.NativeMethodAccessorImpl.invoke0(Native Method)
	at java.base/jdk.internal.reflect.NativeMethodAccessorImpl.invoke(NativeMethodAccessorImpl.java:77)
	at java.base/jdk.internal.reflect.DelegatingMethodAccessorImpl.invoke(DelegatingMethodAccessorImpl.java:43)
Caused by: com.kms.katalon.core.webui.exception.WebElementNotFoundException: Web element with id: 'Object Repository/Create Pop-up Alert Page/Alerts settings right-hand menu/Skin choice button' located by 'null' not found
	at com.kms.katalon.core.webui.common.WebUiCommonHelper.findWebElement(WebUiCommonHelper.java:1426)
	at com.kms.katalon.core.webui.keyword.internal.WebUIAbstractKeyword.findWebElement(WebUIAbstractKeyword.groovy:27)
	at com.kms.katalon.core.webui.keyword.builtin.ClickKeyword$_click_closure1.doCall(ClickKeyword.groovy:65)
	at com.kms.katalon.core.webui.keyword.builtin.ClickKeyword$_click_closure1.call(ClickKeyword.groovy)
	at com.kms.katalon.core.webui.keyword.internal.WebUIKeywordMain.runKeyword(WebUIKeywordMain.groovy:20)
	... 21 more]]></system-err>
      </testcase>
      <system-out><![CDATA[22-04-2024T11:26:32 - [TEST_SUITE][FAILED] - Scrolling ticker: Test Cases/Ticker/Ticker Preview (TC-11) FAILED.
Reason:
com.kms.katalon.core.exception.StepFailedException: Unable to click on object 'Object Repository/Create Pop-up Alert Page/Alerts settings right-hand menu/Skin choice button'
	at com.kms.katalon.core.webui.keyword.internal.WebUIKeywordMain.stepFailed(WebUIKeywordMain.groovy:64)
	at com.kms.katalon.core.webui.keyword.internal.WebUIKeywordMain.runKeyword(WebUIKeywordMain.groovy:26)
	at com.kms.katalon.core.webui.keyword.builtin.ClickKeyword.click(ClickKeyword.groovy:74)
	at com.kms.katalon.core.webui.keyword.builtin.ClickKeyword.execute(ClickKeyword.groovy:40)
	at com.kms.katalon.core.keyword.internal.KeywordExecutor.executeKeywordForPlatform(KeywordExecutor.groovy:74)
	at com.kms.katalon.core.webui.keyword.WebUiBuiltInKeywords.click(WebUiBuiltInKeywords.groovy:659)
	at Ticker Preview (TC-11).run(Ticker Preview (TC-11):42)
	at com.kms.katalon.core.main.ScriptEngine.run(ScriptEngine.java:194)
	at com.kms.katalon.core.main.ScriptEngine.runScriptAsRawText(ScriptEngine.java:119)
	at com.kms.katalon.core.main.TestCaseExecutor.runScript(TestCaseExecutor.java:448)
	at com.kms.katalon.core.main.TestCaseExecutor.doExecute(TestCaseExecutor.java:439)
	at com.kms.katalon.core.main.TestCaseExecutor.processExecutionPhase(TestCaseExecutor.java:418)
	at com.kms.katalon.core.main.TestCaseExecutor.accessMainPhase(TestCaseExecutor.java:410)
	at com.kms.katalon.core.main.TestCaseExecutor.execute(TestCaseExecutor.java:285)
	at com.kms.katalon.core.common.CommonExecutor.accessTestCaseMainPhase(CommonExecutor.java:65)
	at com.kms.katalon.core.main.TestSuiteExecutor.accessTestSuiteMainPhase(TestSuiteExecutor.java:148)
	at com.kms.katalon.core.main.TestSuiteExecutor.execute(TestSuiteExecutor.java:106)
	at com.kms.katalon.core.main.TestCaseMain.startTestSuite(TestCaseMain.java:180)
	at TempTestSuite1713774387649.run(TempTestSuite1713774387649.groovy:35)
	at java.base/jdk.internal.reflect.NativeMethodAccessorImpl.invoke0(Native Method)
	at java.base/jdk.internal.reflect.NativeMethodAccessorImpl.invoke(NativeMethodAccessorImpl.java:77)
	at java.base/jdk.internal.reflect.DelegatingMethodAccessorImpl.invoke(DelegatingMethodAccessorImpl.java:43)
Caused by: com.kms.katalon.core.webui.exception.WebElementNotFoundException: Web element with id: 'Object Repository/Create Pop-up Alert Page/Alerts settings right-hand menu/Skin choice button' located by 'null' not found
	at com.kms.katalon.core.webui.common.WebUiCommonHelper.findWebElement(WebUiCommonHelper.java:1426)
	at com.kms.katalon.core.webui.keyword.internal.WebUIAbstractKeyword.findWebElement(WebUIAbstractKeyword.groovy:27)
	at com.kms.katalon.core.webui.keyword.builtin.ClickKeyword$_click_closure1.doCall(ClickKeyword.groovy:65)
	at com.kms.katalon.core.webui.keyword.builtin.ClickKeyword$_click_closure1.call(ClickKeyword.groovy)
	at com.kms.katalon.core.webui.keyword.internal.WebUIKeywordMain.runKeyword(WebUIKeywordMain.groovy:20)
	... 20 more]]></system-out>
      <system-err><![CDATA[22-04-2024T11:26:32 - [TEST_SUITE][FAILED] - Scrolling ticker: Test Cases/Ticker/Ticker Preview (TC-11) FAILED.
Reason:
com.kms.katalon.core.exception.StepFailedException: Unable to click on object 'Object Repository/Create Pop-up Alert Page/Alerts settings right-hand menu/Skin choice button'
	at com.kms.katalon.core.webui.keyword.internal.WebUIKeywordMain.stepFailed(WebUIKeywordMain.groovy:64)
	at com.kms.katalon.core.webui.keyword.internal.WebUIKeywordMain.runKeyword(WebUIKeywordMain.groovy:26)
	at com.kms.katalon.core.webui.keyword.builtin.ClickKeyword.click(ClickKeyword.groovy:74)
	at com.kms.katalon.core.webui.keyword.builtin.ClickKeyword.execute(ClickKeyword.groovy:40)
	at com.kms.katalon.core.keyword.internal.KeywordExecutor.executeKeywordForPlatform(KeywordExecutor.groovy:74)
	at com.kms.katalon.core.webui.keyword.WebUiBuiltInKeywords.click(WebUiBuiltInKeywords.groovy:659)
	at Ticker Preview (TC-11).run(Ticker Preview (TC-11):42)
	at com.kms.katalon.core.main.ScriptEngine.run(ScriptEngine.java:194)
	at com.kms.katalon.core.main.ScriptEngine.runScriptAsRawText(ScriptEngine.java:119)
	at com.kms.katalon.core.main.TestCaseExecutor.runScript(TestCaseExecutor.java:448)
	at com.kms.katalon.core.main.TestCaseExecutor.doExecute(TestCaseExecutor.java:439)
	at com.kms.katalon.core.main.TestCaseExecutor.processExecutionPhase(TestCaseExecutor.java:418)
	at com.kms.katalon.core.main.TestCaseExecutor.accessMainPhase(TestCaseExecutor.java:410)
	at com.kms.katalon.core.main.TestCaseExecutor.execute(TestCaseExecutor.java:285)
	at com.kms.katalon.core.common.CommonExecutor.accessTestCaseMainPhase(CommonExecutor.java:65)
	at com.kms.katalon.core.main.TestSuiteExecutor.accessTestSuiteMainPhase(TestSuiteExecutor.java:148)
	at com.kms.katalon.core.main.TestSuiteExecutor.execute(TestSuiteExecutor.java:106)
	at com.kms.katalon.core.main.TestCaseMain.startTestSuite(TestCaseMain.java:180)
	at TempTestSuite1713774387649.run(TempTestSuite1713774387649.groovy:35)
	at java.base/jdk.internal.reflect.NativeMethodAccessorImpl.invoke0(Native Method)
	at java.base/jdk.internal.reflect.NativeMethodAccessorImpl.invoke(NativeMethodAccessorImpl.java:77)
	at java.base/jdk.internal.reflect.DelegatingMethodAccessorImpl.invoke(DelegatingMethodAccessorImpl.java:43)
Caused by: com.kms.katalon.core.webui.exception.WebElementNotFoundException: Web element with id: 'Object Repository/Create Pop-up Alert Page/Alerts settings right-hand menu/Skin choice button' located by 'null' not found
	at com.kms.katalon.core.webui.common.WebUiCommonHelper.findWebElement(WebUiCommonHelper.java:1426)
	at com.kms.katalon.core.webui.keyword.internal.WebUIAbstractKeyword.findWebElement(WebUIAbstractKeyword.groovy:27)
	at com.kms.katalon.core.webui.keyword.builtin.ClickKeyword$_click_closure1.doCall(ClickKeyword.groovy:65)
	at com.kms.katalon.core.webui.keyword.builtin.ClickKeyword$_click_closure1.call(ClickKeyword.groovy)
	at com.kms.katalon.core.webui.keyword.internal.WebUIKeywordMain.runKeyword(WebUIKeywordMain.groovy:20)
	... 20 more]]></system-err>
   </testsuite>
</testsuites>
